SF:lib\src\lint.dart
DA:12,1
DA:19,1
DA:26,1
DA:30,1
DA:31,2
DA:32,2
DA:33,2
DA:34,3
DA:40,0
DA:43,0
DA:44,0
DA:45,0
DA:48,0
DA:49,0
DA:50,0
DA:51,0
DA:52,0
DA:54,0
DA:55,0
DA:56,0
DA:59,0
DA:60,0
DA:65,0
DA:69,1
DA:70,1
DA:71,1
DA:72,1
DA:73,1
DA:74,1
DA:78,1
DA:79,0
DA:80,0
DA:82,1
DA:83,0
DA:85,2
DA:86,1
DA:87,0
DA:89,1
DA:90,2
DA:91,1
DA:92,1
DA:93,0
DA:95,2
DA:96,1
DA:99,3
DA:101,1
DA:102,2
DA:103,3
DA:104,3
DA:105,3
DA:106,2
DA:113,3
DA:114,1
DA:115,0
DA:118,1
DA:122,1
DA:123,1
DA:124,1
DA:125,1
DA:127,2
DA:128,3
DA:129,3
DA:130,1
DA:131,0
DA:134,0
DA:138,1
DA:139,1
DA:142,2
DA:143,0
DA:144,0
DA:145,0
DA:148,1
DA:149,0
DA:150,0
DA:154,1
DA:155,1
DA:158,1
DA:159,1
DA:160,0
DA:162,0
DA:163,0
DA:169,2
DA:170,1
DA:171,2
DA:174,1
DA:177,1
DA:178,0
DA:179,0
DA:181,2
DA:182,2
DA:183,1
DA:187,2
DA:188,2
DA:198,1
DA:205,1
DA:207,2
DA:210,2
DA:239,1
DA:240,1
DA:241,1
DA:242,2
DA:243,1
DA:244,1
DA:245,1
DA:246,3
DA:247,1
DA:248,1
DA:249,2
DA:250,2
DA:251,1
DA:254,1
DA:255,1
DA:259,2
DA:265,1
DA:266,1
DA:267,1
DA:268,2
DA:280,1
DA:281,1
DA:282,2
DA:283,2
DA:284,2
DA:285,1
DA:286,2
DA:287,1
DA:290,2
DA:291,2
DA:292,2
DA:293,2
DA:296,1
DA:298,1
DA:299,3
DA:300,3
DA:305,1
DA:306,1
DA:307,1
DA:308,5
DA:311,1
DA:312,2
LF:139
LH:106
end_of_record
