SF:lib\src\errors.dart
DA:5,0
DA:15,0
DA:17,0
DA:19,0
DA:20,0
DA:21,0
DA:22,0
DA:30,0
DA:36,0
DA:39,0
DA:41,0
DA:42,0
DA:43,0
DA:49,0
DA:51,0
DA:53,0
DA:55,0
DA:56,0
DA:58,0
DA:63,0
DA:68,0
DA:71,0
DA:72,0
DA:73,0
DA:75,0
DA:76,0
DA:77,0
DA:78,0
DA:88,0
DA:93,0
DA:96,0
DA:97,0
DA:98,0
DA:100,0
DA:101,0
DA:102,0
DA:111,0
DA:112,0
DA:117,0
DA:118,0
DA:123,0
DA:125,0
DA:127,0
DA:129,0
DA:130,0
DA:131,0
DA:139,0
DA:140,0
DA:142,0
DA:149,0
DA:150,0
DA:155,0
DA:156,0
DA:164,0
DA:165,0
DA:167,0
DA:175,0
DA:181,0
DA:184,0
DA:186,0
DA:187,0
DA:188,0
LF:62
LH:0
end_of_record
SF:lib\src\logging.dart
DA:11,0
DA:25,0
DA:26,0
DA:29,0
DA:30,0
DA:31,0
DA:33,0
DA:34,0
DA:35,0
DA:38,0
DA:41,0
DA:46,0
DA:47,0
DA:52,0
DA:53,0
DA:54,0
DA:56,0
DA:57,0
DA:58,0
DA:61,0
DA:62,0
DA:63,0
DA:64,0
DA:65,0
DA:66,0
DA:67,0
DA:68,0
DA:72,0
DA:73,0
DA:74,0
DA:75,0
DA:76,0
DA:80,0
DA:83,0
DA:84,0
DA:89,0
DA:90,0
DA:91,0
DA:92,0
DA:95,0
DA:96,0
DA:97,0
DA:98,0
DA:99,0
DA:102,0
DA:104,0
DA:105,0
DA:106,0
DA:108,0
DA:109,0
DA:110,0
DA:111,0
DA:112,0
DA:113,0
DA:115,0
DA:117,0
DA:126,0
DA:138,0
DA:139,0
DA:140,0
DA:141,0
DA:142,0
LF:62
LH:0
end_of_record
SF:lib\src\paths.dart
DA:4,0
LF:1
LH:0
end_of_record
SF:lib\src\settings.dart
DA:8,2
DA:9,2
DA:14,2
DA:15,2
DA:16,2
DA:17,2
DA:20,2
DA:21,2
DA:22,2
DA:24,2
DA:27,0
DA:31,0
DA:32,0
DA:33,0
DA:37,0
DA:38,0
DA:41,0
DA:42,0
DA:43,0
DA:47,0
DA:48,0
DA:51,0
DA:52,0
DA:54,0
DA:55,0
DA:61,0
DA:62,0
DA:63,0
DA:66,0
DA:67,0
DA:68,0
DA:70,0
DA:76,0
DA:77,0
DA:78,0
DA:79,0
DA:82,0
DA:83,0
DA:88,0
DA:89,0
DA:90,0
DA:92,0
DA:93,0
DA:103,1
DA:104,2
DA:105,1
DA:107,3
DA:113,0
DA:114,0
DA:115,0
DA:118,0
DA:119,0
DA:120,0
DA:122,0
DA:130,1
DA:131,2
DA:132,1
DA:133,2
DA:134,2
DA:135,2
DA:136,2
DA:138,1
DA:140,1
DA:142,2
DA:145,3
DA:146,2
DA:147,2
DA:148,3
DA:149,3
DA:153,2
DA:154,4
DA:155,4
DA:156,2
DA:157,4
DA:166,1
DA:178,0
DA:180,0
LF:77
LH:35
end_of_record
SF:lib\src\shell\shell_quoting.dart
DA:16,5
DA:17,5
DA:18,5
DA:19,5
DA:32,3
DA:33,3
DA:34,3
DA:35,3
DA:36,3
DA:37,6
DA:39,3
LF:11
LH:11
end_of_record
SF:lib\src\models\printer_profile.dart
DA:9,5
DA:57,5
DA:58,5
DA:60,5
DA:61,5
DA:62,5
DA:63,10
DA:64,5
DA:65,5
DA:66,15
DA:67,15
DA:68,15
DA:69,15
DA:70,15
DA:71,20
DA:72,20
DA:73,20
DA:74,15
DA:75,15
DA:76,15
DA:77,5
DA:78,5
DA:79,10
DA:80,5
DA:81,5
DA:82,5
DA:83,10
DA:85,5
DA:86,5
DA:87,10
DA:98,8
DA:130,5
DA:131,5
DA:132,5
DA:134,10
DA:136,10
DA:138,5
DA:150,4
DA:158,1
DA:171,1
DA:172,2
DA:175,1
DA:179,1
DA:180,1
DA:181,2
DA:182,1
DA:184,1
DA:189,1
DA:190,0
DA:192,0
DA:206,2
DA:207,2
DA:208,1
DA:209,2
DA:210,2
DA:211,1
DA:213,1
DA:222,2
DA:224,2
DA:225,1
DA:227,1
DA:237,1
DA:238,2
DA:239,2
DA:240,1
DA:250,5
DA:251,5
DA:252,5
DA:253,0
DA:254,0
DA:255,0
DA:261,0
DA:264,0
DA:265,0
DA:266,0
DA:271,5
DA:288,10
DA:289,5
DA:290,10
DA:291,5
DA:292,10
DA:293,0
DA:295,10
DA:296,10
DA:297,10
DA:302,0
DA:306,0
DA:307,0
DA:308,0
DA:309,0
DA:314,0
DA:318,0
DA:319,0
DA:320,0
DA:321,0
DA:326,5
DA:335,10
DA:336,10
DA:337,0
DA:339,5
DA:340,5
DA:341,10
DA:342,5
DA:347,0
DA:359,0
DA:360,0
DA:361,0
DA:362,0
DA:363,0
DA:364,0
DA:369,2
DA:387,4
DA:388,2
DA:389,2
DA:390,2
DA:391,2
DA:392,3
DA:393,2
DA:394,2
DA:395,2
DA:400,5
DA:408,10
DA:409,6
DA:410,5
DA:411,5
DA:412,10
DA:413,5
DA:418,2
DA:422,2
DA:423,2
DA:424,2
DA:425,2
DA:426,2
DA:431,5
DA:441,10
DA:442,20
DA:443,5
DA:444,5
DA:445,5
DA:450,1
DA:470,2
DA:471,1
DA:472,1
DA:473,1
DA:474,1
DA:475,1
DA:476,1
DA:477,1
DA:478,1
DA:479,1
DA:484,5
DA:489,10
DA:490,10
DA:491,10
DA:492,10
DA:493,10
DA:498,1
DA:502,2
DA:503,1
DA:504,1
DA:510,2
DA:522,4
DA:523,2
DA:524,2
DA:525,2
DA:526,2
DA:532,0
DA:542,0
DA:543,0
DA:544,0
DA:545,0
DA:551,5
DA:571,10
DA:572,5
DA:573,5
DA:574,10
DA:575,20
DA:576,20
DA:577,20
DA:578,10
DA:579,5
DA:580,5
DA:585,0
DA:599,0
DA:600,0
DA:601,0
DA:602,0
DA:603,0
DA:604,0
DA:605,0
DA:610,0
DA:618,0
DA:619,0
DA:620,0
DA:626,3
DA:636,6
DA:637,3
DA:638,5
DA:639,3
DA:645,3
DA:657,6
DA:658,3
DA:659,5
DA:660,6
DA:661,3
DA:667,3
DA:679,6
DA:680,3
DA:681,3
DA:682,3
DA:683,3
DA:684,3
DA:689,5
DA:697,10
DA:698,5
DA:699,10
DA:700,10
DA:705,5
DA:708,10
DA:709,10
DA:710,6
DA:712,10
DA:713,3
DA:719,2
DA:727,4
DA:728,2
DA:729,4
DA:730,4
DA:735,0
DA:738,0
DA:739,0
DA:745,5
DA:746,14
DA:748,5
DA:749,7
DA:751,5
DA:752,5
DA:753,20
LF:238
LH:190
end_of_record
SF:lib\src\services\flash_service.dart
DA:29,0
DA:49,0
DA:62,0
DA:72,6
LF:4
LH:1
end_of_record
SF:lib\src\services\ssh_service.dart
DA:59,1
DA:72,1
DA:76,1
DA:82,0
DA:93,3
DA:101,6
LF:6
LH:5
end_of_record
SF:lib\src\services\profile_service.dart
DA:20,0
DA:25,0
DA:44,2
LF:3
LH:1
end_of_record
SF:lib\src\services\discovery_service.dart
DA:24,0
LF:1
LH:0
end_of_record
SF:lib\src\services\moonraker_service.dart
DA:26,0
LF:1
LH:0
end_of_record
SF:lib\src\services\upstream_service.dart
DA:32,0
DA:44,0
DA:57,6
LF:3
LH:1
end_of_record
SF:lib\src\services\security_service.dart
DA:68,0
DA:119,0
DA:123,1
DA:142,1
DA:148,0
DA:149,0
DA:156,1
DA:158,1
DA:159,2
DA:160,1
DA:161,0
DA:170,1
DA:171,1
DA:173,1
DA:178,1
DA:179,1
LF:16
LH:11
end_of_record
SF:lib\src\services\archive_service.dart
DA:44,0
DA:52,0
DA:53,0
DA:57,0
LF:4
LH:0
end_of_record
SF:lib\src\services\doctor_service.dart
DA:14,0
DA:34,0
DA:35,0
DA:38,0
DA:39,0
DA:43,0
DA:59,0
DA:60,0
DA:61,0
DA:63,0
DA:65,0
LF:11
LH:0
end_of_record
SF:lib\src\diagnostics\bundle.dart
DA:36,1
DA:53,1
DA:60,1
DA:61,2
DA:62,1
DA:64,1
DA:65,2
DA:66,3
DA:67,2
DA:70,1
DA:73,2
DA:74,1
DA:81,1
DA:82,1
DA:84,3
DA:86,4
DA:89,1
DA:91,3
DA:95,2
DA:96,3
DA:100,1
DA:102,3
DA:103,1
DA:104,1
DA:106,3
DA:107,7
DA:111,2
DA:112,1
DA:113,2
DA:116,1
DA:118,2
DA:119,1
DA:120,1
DA:126,1
DA:127,1
DA:128,3
DA:131,1
DA:132,1
DA:133,3
DA:134,1
DA:137,1
DA:138,3
DA:139,3
DA:140,3
DA:141,3
DA:142,3
DA:143,3
DA:149,1
DA:161,2
DA:162,1
DA:163,1
DA:164,1
DA:165,1
DA:171,1
DA:190,0
DA:191,0
DA:192,0
DA:193,0
DA:194,0
DA:195,0
DA:196,0
DA:197,0
DA:200,0
DA:201,0
LF:64
LH:54
end_of_record
SF:lib\src\diagnostics\redactor.dart
DA:22,2
DA:44,4
DA:45,2
DA:46,6
DA:47,4
DA:48,2
DA:49,6
DA:58,6
DA:62,2
DA:64,2
DA:70,10
DA:71,7
DA:72,7
DA:73,7
DA:78,4
DA:79,10
DA:80,2
DA:81,8
DA:82,4
DA:83,6
DA:84,2
DA:86,2
DA:87,6
DA:92,5
DA:93,1
DA:97,1
DA:98,3
DA:99,2
DA:100,2
DA:101,2
DA:104,2
DA:111,2
DA:112,2
DA:113,2
DA:116,2
DA:122,4
DA:123,2
DA:130,2
DA:136,2
DA:145,2
DA:146,1
DA:147,1
DA:148,1
DA:149,1
DA:150,1
DA:151,1
DA:154,1
DA:155,2
DA:156,2
DA:157,2
DA:158,2
DA:159,2
DA:160,2
LF:53
LH:53
end_of_record
SF:lib\src\trust\trust_keyring.dart
DA:12,0
DA:40,0
DA:41,0
DA:43,0
DA:50,0
DA:54,0
LF:6
LH:0
end_of_record
SF:lib\src\wizard\dsl.dart
DA:15,2
DA:19,2
DA:20,2
DA:21,2
DA:22,2
DA:23,2
DA:24,0
DA:25,0
DA:28,2
DA:31,2
DA:33,4
DA:34,2
DA:35,6
DA:36,4
DA:37,6
DA:38,4
DA:39,6
DA:40,4
DA:42,4
DA:44,2
DA:54,2
DA:60,6
DA:61,2
DA:62,2
DA:63,2
DA:64,4
DA:65,2
DA:66,2
DA:86,2
DA:88,0
DA:89,0
DA:100,4
DA:101,2
DA:102,2
DA:103,4
DA:104,4
DA:106,2
DA:107,2
DA:108,4
DA:109,2
DA:110,2
DA:112,2
DA:113,2
DA:114,2
DA:115,2
DA:116,2
DA:117,2
DA:119,1
DA:120,1
DA:121,3
DA:122,1
DA:124,1
DA:125,1
DA:126,1
DA:127,2
DA:129,2
DA:130,2
DA:131,2
DA:132,2
DA:134,1
DA:141,6
DA:142,2
DA:143,4
DA:144,3
DA:145,3
DA:147,2
DA:148,4
DA:151,6
DA:158,2
DA:159,2
DA:160,2
DA:161,4
DA:162,3
DA:163,3
DA:165,2
DA:166,2
DA:167,2
DA:168,4
DA:169,3
DA:170,4
DA:171,2
DA:179,2
DA:180,2
DA:181,2
DA:182,4
DA:185,4
DA:190,2
DA:191,2
DA:193,4
DA:194,2
DA:201,2
DA:202,6
DA:203,6
DA:204,10
DA:205,4
DA:206,6
DA:207,6
DA:208,4
DA:213,2
DA:214,4
DA:215,4
DA:218,2
DA:219,4
DA:220,3
DA:224,2
DA:225,2
DA:226,2
DA:227,1
DA:228,2
DA:234,2
DA:235,2
DA:237,2
DA:238,1
DA:239,2
DA:249,4
DA:253,2
DA:258,2
DA:263,1
DA:268,3
DA:273,2
DA:277,2
DA:278,2
DA:280,4
DA:281,2
DA:282,2
DA:283,2
DA:286,10
DA:287,4
DA:288,2
DA:291,2
DA:292,4
DA:293,2
DA:294,8
DA:295,2
DA:298,2
DA:299,2
DA:300,1
DA:301,6
DA:302,1
DA:304,4
DA:308,2
DA:309,2
DA:310,8
DA:311,2
DA:313,2
DA:315,2
DA:316,1
DA:317,2
DA:318,1
DA:320,4
DA:325,0
DA:330,10
DA:331,10
DA:332,2
DA:333,8
DA:334,8
DA:335,2
DA:336,8
DA:344,2
DA:349,2
DA:355,2
DA:361,2
DA:367,2
DA:371,10
DA:372,10
DA:373,10
DA:375,2
DA:376,2
DA:377,2
DA:378,4
DA:383,2
DA:384,2
DA:385,2
DA:386,4
DA:391,2
DA:392,2
DA:393,4
DA:395,2
DA:398,2
DA:399,2
DA:400,2
DA:401,2
DA:402,0
DA:406,2
DA:407,2
DA:408,2
DA:409,2
DA:410,2
DA:412,2
DA:413,2
DA:415,4
DA:416,2
DA:417,2
DA:420,2
DA:422,0
DA:425,2
DA:426,2
DA:428,4
DA:429,3
DA:430,3
DA:431,4
DA:432,8
DA:433,0
DA:437,2
DA:438,2
DA:439,2
DA:441,4
DA:442,2
DA:443,2
DA:447,2
DA:448,2
DA:449,6
DA:450,4
DA:456,2
DA:457,2
DA:458,6
DA:459,4
LF:217
LH:209
end_of_record
SF:lib\src\wizard\printer_state_probe.dart
DA:12,2
DA:36,1
DA:56,7
DA:111,1
DA:130,1
DA:131,4
DA:144,3
DA:147,3
DA:151,3
DA:152,6
DA:161,6
DA:164,3
DA:165,3
DA:166,3
DA:196,5
DA:197,6
DA:198,6
DA:199,4
DA:200,2
DA:201,4
DA:202,2
DA:204,2
DA:209,2
DA:210,4
DA:211,2
DA:212,4
DA:215,4
DA:218,4
DA:221,4
DA:226,5
DA:227,2
DA:228,8
DA:235,2
DA:236,0
DA:238,8
DA:239,4
DA:242,5
DA:243,2
DA:244,4
DA:245,4
DA:251,3
DA:252,6
DA:253,6
DA:254,6
DA:255,3
DA:256,3
DA:257,3
DA:258,0
DA:259,0
DA:261,0
DA:267,4
DA:268,1
DA:269,1
DA:270,0
DA:272,1
DA:273,4
DA:274,1
DA:275,1
DA:276,1
DA:277,2
DA:279,2
DA:282,3
DA:300,3
DA:331,3
DA:334,3
DA:340,2
DA:342,2
DA:343,4
DA:344,4
DA:345,2
DA:346,0
DA:347,0
DA:348,0
DA:358,4
DA:360,3
DA:361,3
DA:362,3
DA:363,3
DA:364,3
DA:365,3
DA:366,3
DA:374,6
DA:375,3
DA:376,3
DA:377,2
DA:383,4
DA:384,1
DA:385,3
DA:386,1
DA:389,4
DA:390,3
DA:392,1
DA:393,1
DA:394,1
DA:395,1
DA:396,1
DA:397,1
DA:398,1
DA:401,1
DA:402,1
DA:403,1
DA:404,1
DA:405,1
DA:406,2
DA:407,1
DA:408,1
DA:410,1
DA:411,1
DA:412,1
DA:413,1
DA:414,1
DA:415,1
DA:416,1
DA:417,1
DA:421,1
DA:422,3
DA:425,1
DA:426,3
DA:429,1
DA:430,2
DA:433,1
DA:434,2
DA:437,1
DA:443,1
DA:444,2
DA:445,1
DA:446,1
DA:447,3
DA:452,2
DA:454,1
DA:455,1
DA:456,1
DA:457,1
DA:458,1
DA:461,1
DA:465,0
DA:466,0
DA:467,0
DA:468,0
DA:479,1
DA:480,2
DA:492,3
DA:493,3
DA:494,3
DA:495,2
DA:496,2
DA:497,2
DA:498,2
DA:502,3
DA:506,3
DA:507,3
DA:508,3
DA:509,2
DA:510,2
DA:511,2
DA:514,3
DA:515,3
DA:516,3
DA:517,2
DA:518,2
DA:519,2
DA:527,3
DA:528,4
DA:529,2
DA:530,0
DA:532,2
DA:533,0
DA:535,1
DA:542,3
DA:550,1
DA:551,1
DA:552,1
DA:553,2
DA:555,2
DA:556,2
DA:560,1
DA:561,1
DA:564,1
DA:570,1
DA:575,1
DA:576,1
DA:577,1
DA:578,2
DA:579,1
DA:581,1
DA:582,2
DA:583,1
DA:584,2
DA:585,1
DA:586,1
DA:590,4
LF:191
LH:177
end_of_record
SF:lib\src\wizard\run_state.dart
DA:22,3
DA:30,3
DA:35,3
DA:39,6
DA:43,1
DA:44,2
DA:47,1
DA:48,1
DA:49,1
DA:50,2
DA:51,1
DA:52,3
DA:56,1
DA:57,1
DA:58,1
DA:59,1
DA:60,2
DA:61,1
DA:62,0
DA:75,6
DA:77,3
DA:78,3
DA:79,3
DA:80,6
DA:81,8
DA:88,2
DA:89,8
DA:90,12
DA:98,2
DA:99,2
DA:100,2
DA:101,2
DA:102,2
DA:103,2
DA:104,6
DA:111,2
DA:112,8
DA:113,10
DA:114,4
DA:115,2
DA:116,2
DA:117,2
DA:118,2
DA:119,2
DA:120,2
DA:125,1
DA:133,2
DA:145,1
DA:146,1
DA:147,1
DA:148,1
DA:149,0
DA:150,0
DA:153,1
DA:154,1
DA:155,2
DA:156,2
DA:157,1
DA:158,0
DA:160,3
DA:161,1
DA:163,1
DA:164,1
DA:165,1
DA:179,4
DA:180,4
DA:181,6
DA:182,6
DA:183,8
DA:184,4
DA:185,4
DA:186,6
DA:187,2
DA:188,2
DA:203,1
DA:205,1
DA:207,1
DA:209,0
DA:211,0
DA:224,3
DA:238,2
DA:239,4
DA:244,6
DA:247,4
DA:248,2
DA:250,2
DA:251,1
DA:252,1
DA:253,2
DA:260,2
DA:261,4
DA:266,4
DA:267,4
DA:268,8
DA:270,4
DA:271,4
DA:272,2
DA:273,2
DA:274,6
DA:275,4
DA:276,2
DA:277,1
DA:278,1
DA:279,1
DA:286,1
DA:289,0
DA:291,0
DA:301,1
DA:302,1
DA:303,2
DA:309,2
DA:310,2
DA:311,6
DA:320,4
DA:324,2
DA:325,2
DA:326,4
DA:327,14
DA:328,14
DA:330,2
DA:333,3
LF:121
LH:113
end_of_record
SF:lib\src\wizard\wizard_controller.dart
DA:49,2
DA:62,6
DA:127,2
DA:128,0
DA:129,0
DA:130,2
DA:131,6
DA:138,0
DA:151,2
DA:153,4
DA:154,2
DA:155,4
DA:157,2
DA:173,0
DA:174,0
DA:175,0
DA:176,0
DA:180,0
DA:184,0
DA:186,0
DA:192,0
DA:195,2
DA:196,4
DA:197,4
DA:198,2
DA:199,2
DA:200,6
DA:201,4
DA:204,1
DA:209,1
DA:211,0
DA:213,2
DA:214,1
DA:215,4
DA:217,1
DA:218,2
DA:220,2
DA:221,1
DA:224,1
DA:227,3
DA:228,4
DA:229,2
DA:233,3
DA:234,3
DA:241,3
DA:247,0
DA:254,0
DA:255,0
DA:256,0
DA:259,0
DA:262,0
DA:263,0
DA:264,0
DA:265,0
DA:269,0
DA:285,1
DA:286,1
DA:287,1
DA:290,2
DA:292,0
DA:297,2
DA:298,1
DA:299,1
DA:300,2
DA:305,0
DA:306,0
DA:308,0
DA:317,0
DA:318,0
DA:330,1
DA:331,1
DA:344,1
DA:345,1
DA:351,1
DA:353,1
DA:355,1
DA:356,1
DA:357,1
DA:359,1
DA:378,2
DA:379,1
DA:392,2
DA:393,1
DA:399,2
DA:403,3
DA:404,1
DA:412,1
DA:413,1
DA:425,1
DA:429,1
DA:435,1
DA:439,3
DA:440,4
DA:442,2
DA:445,0
DA:447,0
DA:449,0
DA:450,0
DA:451,0
DA:452,0
DA:453,0
DA:454,0
DA:455,0
DA:458,0
DA:463,0
DA:471,0
DA:472,0
DA:473,0
DA:474,0
DA:475,0
DA:477,0
DA:478,0
DA:480,0
DA:481,0
DA:483,0
DA:484,0
DA:489,0
DA:490,0
DA:491,0
DA:492,0
DA:494,0
DA:496,0
DA:500,1
DA:501,3
DA:502,2
DA:507,1
DA:508,2
DA:521,0
DA:522,0
DA:523,0
DA:524,0
DA:527,1
DA:528,1
DA:529,0
DA:530,3
DA:531,2
DA:532,2
DA:533,1
DA:534,0
DA:544,1
DA:546,2
DA:547,1
DA:548,0
DA:550,1
DA:551,1
DA:552,1
DA:553,2
DA:554,2
DA:555,1
DA:556,1
DA:559,2
DA:564,1
DA:565,2
DA:566,1
DA:567,1
DA:570,5
DA:571,2
DA:576,3
DA:577,1
DA:578,1
DA:581,5
DA:582,2
DA:584,1
DA:589,1
DA:592,1
DA:597,1
DA:598,1
DA:599,1
DA:600,1
DA:601,1
DA:602,1
DA:603,1
DA:604,1
DA:607,1
DA:611,3
DA:613,0
DA:621,1
DA:622,1
DA:623,1
DA:625,1
DA:626,1
DA:628,2
DA:630,0
DA:631,0
DA:632,0
DA:647,1
DA:648,1
DA:649,1
DA:650,0
DA:652,1
DA:653,2
DA:654,2
DA:659,2
DA:660,0
DA:661,0
DA:665,1
DA:666,1
DA:667,1
DA:669,1
DA:670,1
DA:671,1
DA:672,0
DA:673,1
DA:674,0
DA:675,1
DA:676,0
DA:677,1
DA:678,0
DA:679,1
DA:680,0
DA:681,1
DA:682,0
DA:683,1
DA:684,0
DA:685,1
DA:686,1
DA:687,1
DA:688,0
DA:689,1
DA:690,0
DA:691,1
DA:692,1
DA:693,1
DA:694,1
DA:695,1
DA:696,0
DA:697,1
DA:698,0
DA:699,1
DA:700,0
DA:701,1
DA:702,1
DA:703,1
DA:704,1
DA:705,1
DA:706,1
DA:707,1
DA:708,1
DA:709,1
DA:711,0
DA:712,0
DA:714,0
DA:720,1
DA:721,1
DA:722,2
DA:723,1
DA:724,2
DA:728,1
DA:729,1
DA:730,3
DA:731,1
DA:732,0
DA:733,0
DA:734,0
DA:740,0
DA:741,0
DA:742,0
DA:743,0
DA:744,0
DA:745,0
DA:746,0
DA:747,0
DA:749,0
DA:750,0
DA:751,0
DA:754,0
DA:755,0
DA:756,0
DA:757,0
DA:758,0
DA:759,0
DA:760,0
DA:761,0
DA:762,0
DA:781,0
DA:782,0
DA:783,0
DA:784,0
DA:786,0
DA:787,0
DA:793,0
DA:794,0
DA:795,0
DA:796,0
DA:797,0
DA:798,0
DA:799,0
DA:802,0
DA:803,0
DA:804,0
DA:809,0
DA:810,0
DA:811,0
DA:812,0
DA:814,0
DA:815,0
DA:816,0
DA:820,0
DA:822,0
DA:824,0
DA:825,0
DA:826,0
DA:827,0
DA:828,0
DA:829,0
DA:830,0
DA:831,0
DA:833,0
DA:837,0
DA:841,0
DA:842,0
DA:843,0
DA:844,0
DA:846,0
DA:849,0
DA:850,0
DA:851,0
DA:855,0
DA:856,0
DA:857,0
DA:858,0
DA:859,0
DA:864,0
DA:865,0
DA:866,0
DA:867,0
DA:868,0
DA:869,0
DA:873,0
DA:874,0
DA:875,0
DA:876,0
DA:879,0
DA:883,0
DA:884,0
DA:887,0
DA:888,0
DA:889,0
DA:893,0
DA:897,0
DA:898,0
DA:900,0
DA:903,0
DA:904,0
DA:905,0
DA:906,0
DA:907,0
DA:908,0
DA:909,0
DA:910,0
DA:911,0
DA:912,0
DA:913,0
DA:914,0
DA:916,0
DA:918,0
DA:922,0
DA:923,0
DA:924,0
DA:925,0
DA:926,0
DA:927,0
DA:928,0
DA:929,0
DA:930,0
DA:933,0
DA:935,0
DA:936,0
DA:939,0
DA:940,0
DA:941,0
DA:944,0
DA:945,0
DA:946,0
DA:947,0
DA:950,0
DA:951,0
DA:952,0
DA:953,0
DA:954,0
DA:958,0
DA:962,0
DA:963,0
DA:964,0
DA:966,0
DA:967,0
DA:968,0
DA:970,0
DA:971,0
DA:974,0
DA:975,0
DA:976,0
DA:983,0
DA:984,0
DA:986,0
DA:987,0
DA:988,0
DA:990,0
DA:995,0
DA:996,0
DA:997,0
DA:999,0
DA:1000,0
DA:1001,0
DA:1002,0
DA:1003,0
DA:1007,0
DA:1014,0
DA:1015,0
DA:1016,0
DA:1017,0
DA:1021,0
DA:1023,0
DA:1025,0
DA:1026,0
DA:1027,0
DA:1028,0
DA:1029,0
DA:1036,0
DA:1039,1
DA:1040,1
DA:1042,1
DA:1045,3
DA:1048,3
DA:1049,1
DA:1054,0
DA:1055,0
DA:1058,0
DA:1059,0
DA:1062,1
DA:1063,1
DA:1066,1
DA:1067,1
DA:1070,1
DA:1071,1
DA:1079,1
DA:1080,1
DA:1081,1
DA:1082,0
DA:1083,1
DA:1085,1
DA:1086,3
DA:1087,1
DA:1089,1
DA:1090,2
DA:1091,2
DA:1092,2
DA:1093,4
DA:1094,1
DA:1095,1
DA:1097,1
DA:1098,1
DA:1103,5
DA:1104,1
DA:1105,0
DA:1106,0
DA:1107,0
DA:1116,1
DA:1117,1
DA:1122,1
DA:1124,1
DA:1125,3
DA:1131,1
DA:1135,1
DA:1137,2
DA:1138,2
DA:1141,0
DA:1148,1
DA:1149,1
DA:1150,1
DA:1151,1
DA:1154,3
DA:1157,1
DA:1158,3
DA:1160,2
DA:1161,3
DA:1166,0
DA:1167,0
DA:1168,0
DA:1169,0
DA:1170,0
DA:1172,0
DA:1175,0
DA:1176,0
DA:1179,0
DA:1182,0
DA:1183,0
DA:1184,0
DA:1185,0
DA:1187,0
DA:1188,0
DA:1197,0
DA:1198,0
DA:1199,0
DA:1200,0
DA:1202,0
DA:1205,0
DA:1207,0
DA:1208,0
DA:1209,0
DA:1211,0
DA:1212,0
DA:1214,0
DA:1217,0
DA:1222,0
DA:1223,0
DA:1225,0
DA:1228,0
DA:1229,0
DA:1230,0
DA:1233,0
DA:1234,0
DA:1236,0
DA:1241,0
DA:1242,0
DA:1244,0
DA:1245,0
DA:1247,0
DA:1250,0
DA:1251,0
DA:1252,0
DA:1253,0
DA:1254,0
DA:1258,1
DA:1259,3
DA:1273,1
DA:1277,1
DA:1278,1
DA:1279,1
DA:1280,2
DA:1284,1
DA:1287,2
DA:1299,1
DA:1300,1
DA:1302,1
DA:1304,1
DA:1307,1
DA:1308,1
DA:1309,0
DA:1313,0
DA:1314,0
DA:1316,0
DA:1317,0
DA:1322,0
DA:1324,0
DA:1325,0
DA:1326,0
DA:1327,0
DA:1328,0
DA:1329,0
DA:1331,0
DA:1332,0
DA:1333,0
DA:1334,0
DA:1352,1
DA:1353,2
DA:1354,1
DA:1355,1
DA:1358,2
DA:1359,2
DA:1360,1
DA:1362,1
DA:1365,0
DA:1366,0
DA:1367,0
DA:1368,0
DA:1369,0
DA:1371,0
DA:1375,0
DA:1376,0
DA:1378,0
DA:1379,0
DA:1383,0
DA:1384,0
DA:1386,0
DA:1387,0
DA:1388,0
DA:1389,0
DA:1391,0
DA:1396,0
DA:1401,0
DA:1402,0
DA:1403,0
DA:1404,0
DA:1405,0
DA:1406,0
DA:1407,0
DA:1408,0
DA:1409,0
DA:1411,0
DA:1412,0
DA:1413,0
DA:1414,0
DA:1415,0
DA:1416,0
DA:1417,0
DA:1419,0
DA:1422,0
DA:1440,0
DA:1445,2
DA:1450,1
DA:1451,1
DA:1452,3
DA:1454,4
DA:1455,1
DA:1463,1
DA:1465,0
DA:1466,0
DA:1467,0
DA:1470,0
DA:1471,0
DA:1472,0
DA:1473,0
DA:1474,0
DA:1475,0
DA:1476,0
DA:1480,0
DA:1481,0
DA:1482,0
DA:1483,0
DA:1485,0
DA:1494,1
DA:1495,0
DA:1497,0
DA:1500,2
DA:1501,0
DA:1502,0
DA:1504,0
DA:1506,0
DA:1507,0
DA:1508,0
DA:1510,0
DA:1511,0
DA:1512,0
DA:1514,0
DA:1515,0
DA:1516,0
DA:1518,0
DA:1519,0
DA:1520,0
DA:1521,0
DA:1522,0
DA:1523,0
DA:1524,0
DA:1525,0
DA:1526,0
DA:1527,0
DA:1530,0
DA:1534,1
DA:1535,3
DA:1538,6
DA:1540,1
DA:1545,1
DA:1546,1
DA:1549,2
DA:1550,1
DA:1552,2
DA:1553,2
DA:1556,1
DA:1558,2
DA:1559,4
DA:1563,1
DA:1564,1
DA:1565,2
DA:1573,1
LF:665
LH:263
end_of_record
SF:lib\src\wizard\wizard_controller_backup.dart
DA:9,1
DA:13,1
DA:14,2
DA:15,2
DA:16,2
DA:26,1
DA:27,1
DA:28,1
DA:29,1
DA:30,0
DA:31,0
DA:32,0
DA:33,0
DA:36,1
DA:39,1
DA:43,1
DA:46,3
DA:47,2
DA:68,1
DA:72,1
DA:73,2
DA:74,4
DA:79,2
DA:80,2
DA:81,1
DA:82,2
DA:83,1
DA:85,2
DA:86,2
DA:89,1
DA:90,0
DA:92,2
DA:94,1
DA:95,2
DA:98,1
DA:102,1
DA:103,3
DA:105,2
DA:106,3
DA:107,2
DA:108,1
DA:109,0
DA:110,0
DA:111,0
DA:114,1
DA:117,1
DA:122,1
DA:123,2
DA:124,4
DA:125,1
DA:127,1
DA:128,1
DA:133,1
DA:134,3
DA:135,2
DA:136,2
DA:138,3
DA:139,2
DA:142,5
DA:144,5
DA:146,1
DA:149,1
DA:150,1
DA:151,2
DA:152,1
DA:153,2
DA:154,3
DA:156,3
DA:157,1
DA:159,1
DA:162,1
DA:163,3
DA:164,1
DA:165,0
DA:167,0
DA:171,1
DA:172,3
DA:173,1
DA:174,0
DA:176,0
DA:180,1
DA:181,1
LF:82
LH:70
end_of_record
SF:lib\src\wizard\wizard_controller_steps.dart
DA:8,1
DA:12,1
DA:13,1
DA:14,1
DA:15,1
DA:17,0
DA:24,1
DA:26,1
DA:28,3
DA:29,2
DA:30,1
DA:31,1
DA:40,1
DA:42,0
DA:43,0
DA:45,0
DA:52,2
DA:53,2
DA:54,1
DA:57,1
DA:59,2
DA:60,4
DA:61,1
DA:62,2
DA:66,1
DA:67,2
DA:68,1
DA:69,1
DA:70,1
DA:71,1
DA:72,2
DA:73,2
DA:74,2
DA:75,1
DA:78,3
DA:89,1
DA:90,2
DA:91,1
DA:93,2
DA:94,1
DA:95,1
DA:96,1
DA:100,2
DA:102,1
DA:105,1
DA:108,1
DA:116,1
DA:117,1
DA:118,0
DA:119,0
DA:120,0
DA:121,0
DA:122,0
DA:125,2
DA:126,0
DA:127,2
DA:128,0
DA:129,0
DA:130,0
DA:138,2
DA:141,2
DA:142,1
DA:143,1
DA:144,2
DA:145,2
DA:148,1
DA:151,1
DA:152,1
DA:153,1
DA:155,1
DA:156,1
DA:157,1
DA:158,1
DA:161,1
DA:162,0
DA:163,0
DA:164,0
DA:165,0
DA:170,2
DA:173,1
DA:174,2
DA:175,1
DA:177,1
DA:178,2
DA:186,1
DA:188,1
DA:189,1
DA:190,1
DA:191,1
DA:192,2
DA:193,0
DA:195,1
DA:200,0
DA:204,0
DA:205,0
DA:207,0
DA:210,0
DA:211,0
DA:212,0
DA:214,0
DA:215,0
DA:216,0
DA:217,0
DA:218,0
DA:219,0
DA:221,0
DA:223,0
DA:224,0
DA:228,0
DA:229,0
DA:231,0
DA:235,0
DA:236,0
DA:237,0
DA:239,0
DA:242,0
DA:244,0
DA:249,0
DA:253,0
DA:254,0
DA:255,0
DA:256,0
DA:257,0
DA:258,0
DA:259,0
DA:260,0
DA:261,0
DA:263,0
DA:264,0
DA:265,0
DA:268,0
DA:272,0
DA:273,0
DA:274,0
DA:275,0
DA:278,0
DA:281,0
DA:282,0
DA:283,0
DA:284,0
DA:287,0
DA:291,0
DA:293,0
DA:298,1
DA:302,3
DA:303,0
DA:304,4
DA:305,3
DA:306,0
DA:308,1
DA:309,0
DA:310,3
DA:312,1
DA:314,3
DA:315,1
DA:317,1
DA:318,1
DA:319,2
DA:320,1
DA:321,1
DA:322,1
DA:328,2
DA:329,0
DA:331,1
DA:332,1
DA:334,1
DA:335,1
DA:336,4
DA:337,7
DA:343,1
DA:345,1
DA:347,3
DA:350,1
DA:354,3
DA:355,0
DA:356,3
DA:358,0
DA:362,1
DA:364,1
DA:368,2
DA:372,1
DA:373,3
DA:374,1
DA:375,2
DA:377,2
DA:380,1
DA:383,1
DA:384,1
DA:385,1
DA:386,2
DA:388,2
DA:389,0
DA:392,1
DA:395,1
DA:399,1
DA:400,1
DA:402,0
DA:404,1
DA:405,2
DA:406,2
DA:412,1
DA:413,2
DA:414,2
DA:415,1
DA:416,2
DA:417,1
DA:418,1
DA:429,1
DA:431,2
DA:433,2
DA:434,1
DA:436,2
DA:438,2
DA:443,1
DA:444,1
DA:445,2
DA:446,2
DA:450,1
DA:452,1
DA:454,1
DA:456,1
DA:457,1
DA:462,2
DA:463,3
DA:464,4
DA:465,2
DA:468,1
DA:469,0
DA:470,0
DA:476,0
DA:479,0
DA:480,0
DA:481,0
DA:484,3
DA:489,1
DA:492,1
DA:495,1
DA:496,1
DA:498,0
DA:500,2
DA:501,1
DA:502,1
DA:504,2
DA:505,1
DA:506,2
DA:507,1
DA:509,2
DA:511,2
DA:514,2
DA:517,4
DA:520,1
DA:521,2
DA:522,1
DA:524,2
DA:526,4
DA:527,1
DA:528,2
DA:531,2
DA:534,5
DA:536,1
DA:540,1
DA:544,0
DA:545,0
DA:546,0
DA:547,0
DA:548,0
DA:549,0
LF:267
LH:177
end_of_record
SF:lib\src\wizard\wizard_state.dart
DA:15,6
DA:23,4
DA:32,1
DA:33,1
DA:34,1
DA:35,1
DA:36,2
DA:37,2
DA:40,1
DA:41,1
DA:42,3
DA:43,1
DA:45,1
DA:46,1
DA:48,1
DA:50,1
DA:60,4
DA:61,2
DA:62,4
DA:63,4
DA:64,4
DA:65,6
DA:66,4
DA:69,2
DA:75,2
DA:76,1
DA:77,2
DA:78,2
DA:79,2
DA:80,2
DA:101,1
DA:116,1
DA:117,2
DA:118,1
DA:120,1
DA:121,1
DA:122,1
DA:123,2
DA:124,1
DA:126,1
DA:136,1
DA:137,1
DA:138,2
DA:141,1
DA:143,1
DA:144,1
DA:145,1
DA:147,1
DA:149,2
DA:153,1
DA:157,1
DA:158,2
DA:159,2
DA:160,3
DA:161,1
DA:162,2
DA:165,2
DA:166,0
DA:169,0
DA:170,0
DA:174,1
DA:175,2
DA:176,2
DA:191,0
DA:195,0
DA:196,0
DA:198,0
DA:200,0
DA:203,0
DA:205,0
LF:70
LH:60
end_of_record
SF:lib\src\wizard\pending_input.dart
DA:23,2
DA:28,4
DA:29,1
DA:30,1
DA:32,2
DA:33,4
DA:34,4
DA:35,2
DA:42,2
DA:43,4
DA:44,2
DA:45,2
DA:51,3
DA:56,2
DA:57,5
DA:58,2
DA:60,4
LF:17
LH:17
end_of_record
SF:lib\src\wizard\wizard_events.dart
DA:11,1
DA:14,1
DA:16,3
DA:24,0
DA:26,0
DA:27,0
DA:37,0
DA:45,0
DA:46,0
DA:47,0
DA:55,6
DA:59,2
DA:64,1
DA:70,1
DA:76,1
DA:81,1
DA:86,1
DA:97,1
DA:103,1
DA:108,1
DA:114,0
DA:120,2
DA:126,3
DA:133,2
LF:24
LH:16
end_of_record
