SF:lib\src\screens\choose_path_screen.dart
DA:12,1
DA:14,1
DA:15,1
DA:21,1
DA:23,1
DA:31,1
DA:32,1
DA:33,1
DA:41,2
DA:42,0
DA:45,1
DA:52,2
DA:53,0
DA:57,1
DA:58,3
DA:59,1
DA:60,5
DA:61,2
DA:62,1
DA:64,0
DA:68,1
DA:69,4
DA:76,1
DA:89,1
DA:91,1
DA:92,1
DA:93,1
DA:94,3
DA:95,1
DA:96,1
DA:97,1
DA:98,1
DA:100,1
DA:102,1
DA:103,4
DA:105,1
DA:106,1
DA:108,1
DA:109,4
DA:111,4
LF:40
LH:37
end_of_record
SF:lib\src\providers.dart
DA:9,0
DA:10,0
DA:12,51
DA:13,0
DA:15,51
DA:16,0
DA:18,51
DA:19,0
DA:21,51
DA:22,0
DA:24,51
DA:25,0
DA:27,51
DA:28,0
DA:30,51
DA:31,0
DA:38,54
DA:39,0
DA:45,60
DA:46,0
DA:51,0
DA:52,0
DA:59,0
DA:64,0
DA:70,0
DA:75,67
DA:77,51
DA:78,0
DA:79,0
DA:80,0
DA:81,0
DA:82,0
DA:83,0
DA:84,0
DA:85,0
DA:86,0
DA:87,0
DA:88,0
DA:90,0
DA:97,64
DA:98,32
DA:99,32
DA:100,16
DA:104,0
DA:106,37
DA:107,5
DA:109,0
LF:47
LH:17
end_of_record
SF:lib\src\widgets\wizard_scaffold.dart
DA:9,17
DA:26,17
DA:28,17
DA:33,17
DA:34,17
DA:35,17
DA:36,31
DA:37,28
DA:38,31
DA:39,28
DA:40,14
DA:41,28
DA:43,17
DA:44,17
DA:45,1
DA:46,2
DA:50,17
DA:51,1
DA:52,2
DA:57,17
DA:59,17
DA:61,17
DA:63,17
DA:69,17
DA:73,32
DA:74,15
DA:79,17
DA:80,17
DA:81,17
DA:82,17
DA:84,17
DA:85,17
DA:86,17
DA:91,17
DA:92,17
DA:94,17
DA:96,17
DA:97,17
DA:99,17
DA:100,17
DA:101,34
DA:104,32
DA:106,15
DA:107,30
DA:108,45
DA:109,30
DA:113,17
DA:114,17
DA:121,17
DA:122,17
DA:124,17
DA:125,34
DA:126,17
DA:127,51
DA:130,17
DA:131,17
DA:133,17
DA:134,17
DA:135,32
DA:136,15
DA:137,15
DA:138,30
DA:142,17
DA:143,17
DA:148,17
DA:150,34
DA:151,34
DA:152,2
DA:153,35
DA:154,17
DA:155,17
DA:156,34
DA:157,34
DA:158,1
DA:159,2
DA:160,2
DA:163,51
DA:179,17
DA:201,2
DA:205,2
LF:80
LH:80
end_of_record
SF:lib\src\widgets\deckhand_stepper.dart
DA:14,2
DA:16,16
DA:22,32
DA:23,32
DA:24,32
DA:25,48
DA:26,16
DA:27,16
DA:28,48
DA:34,16
DA:35,48
DA:36,52
DA:37,1
DA:38,4
DA:39,2
DA:42,16
DA:45,16
DA:47,64
DA:48,16
DA:49,16
DA:50,0
DA:56,1
DA:57,1
DA:58,1
DA:59,1
DA:60,1
DA:61,1
DA:62,1
DA:63,1
DA:64,1
DA:68,16
DA:69,16
DA:77,16
DA:78,9
DA:80,9
DA:81,9
DA:82,9
DA:83,9
DA:84,9
DA:85,9
DA:86,9
DA:87,9
DA:88,9
DA:89,9
DA:91,8
DA:92,0
DA:94,0
DA:95,0
DA:96,0
DA:99,0
DA:103,0
DA:104,0
DA:105,0
DA:106,0
DA:107,0
DA:108,0
DA:109,0
DA:111,8
DA:118,3
LF:59
LH:46
end_of_record
SF:lib\src\widgets\wizard_stepper.dart
DA:7,16
DA:18,16
DA:20,16
DA:21,16
DA:23,16
DA:24,32
DA:25,16
DA:26,48
DA:29,16
DA:30,16
DA:31,16
DA:33,16
DA:34,80
DA:35,16
DA:36,48
DA:37,16
DA:38,32
DA:40,64
DA:41,16
DA:43,16
DA:45,32
DA:57,32
DA:58,16
DA:59,32
DA:63,16
DA:69,16
DA:71,16
DA:74,16
DA:75,32
DA:76,16
DA:85,16
DA:86,32
DA:87,32
DA:93,16
DA:100,16
DA:109,16
DA:111,16
DA:112,16
DA:113,38
DA:114,48
DA:115,48
DA:117,48
DA:119,32
DA:126,16
DA:127,16
DA:128,16
DA:129,16
DA:131,16
DA:132,16
DA:133,16
DA:134,32
DA:135,32
DA:136,16
DA:137,16
DA:138,16
DA:139,16
DA:141,16
DA:143,16
DA:144,32
DA:145,11
DA:147,16
DA:148,16
DA:152,48
LF:63
LH:63
end_of_record
SF:lib\src\widgets\dry_run_banner.dart
DA:11,2
DA:13,18
DA:15,36
DA:16,18
DA:18,1
DA:19,1
DA:23,1
DA:24,1
DA:25,2
DA:26,1
DA:28,1
DA:29,1
DA:30,1
DA:33,2
DA:36,1
DA:37,1
DA:39,3
DA:40,2
LF:18
LH:18
end_of_record
SF:lib\src\widgets\profile_text.dart
DA:15,16
DA:16,16
DA:19,16
DA:20,32
DA:21,16
DA:22,16
DA:23,16
LF:7
LH:7
end_of_record
SF:lib\src\screens\connect_screen.dart
DA:18,0
DA:27,1
DA:29,1
DA:30,1
DA:42,1
DA:44,1
DA:45,1
DA:48,1
DA:50,2
DA:51,1
DA:54,1
DA:55,2
DA:56,1
DA:57,1
DA:59,3
DA:61,1
DA:63,0
DA:64,0
DA:65,0
DA:67,0
DA:69,0
DA:74,0
DA:77,0
DA:78,0
DA:79,0
DA:80,0
DA:81,0
DA:82,0
DA:83,0
DA:84,0
DA:86,0
DA:87,0
DA:88,0
DA:90,0
DA:91,0
DA:93,0
DA:94,0
DA:95,0
DA:96,0
DA:107,0
DA:108,0
DA:109,0
DA:111,0
DA:113,0
DA:114,0
DA:115,0
DA:117,0
DA:119,0
DA:120,0
DA:126,0
DA:127,0
DA:128,0
DA:129,0
DA:130,0
DA:131,0
DA:132,0
DA:133,0
DA:134,0
DA:135,0
DA:136,0
DA:137,0
DA:138,0
DA:144,0
DA:145,0
DA:146,0
DA:151,0
DA:153,0
DA:156,0
DA:158,0
DA:160,0
DA:161,0
DA:165,1
DA:167,1
DA:173,0
DA:174,0
DA:175,0
DA:176,0
DA:177,0
DA:180,0
DA:186,0
DA:187,0
DA:188,0
DA:189,0
DA:192,0
DA:196,0
DA:197,0
DA:200,0
DA:201,0
DA:202,0
DA:203,0
DA:204,0
DA:205,0
DA:206,0
DA:208,0
DA:209,0
DA:212,0
DA:213,0
DA:217,0
DA:218,0
DA:219,0
DA:220,0
DA:221,0
DA:222,0
DA:225,0
DA:227,0
DA:229,0
DA:233,0
DA:240,0
DA:241,0
DA:242,0
DA:243,0
DA:244,0
DA:247,0
DA:248,0
DA:250,0
DA:251,0
DA:256,0
DA:257,0
DA:258,0
DA:259,0
DA:262,0
DA:263,0
DA:264,0
DA:271,1
DA:273,1
DA:274,3
DA:275,4
DA:276,1
DA:277,3
DA:278,2
DA:279,3
DA:282,2
DA:284,0
DA:286,0
DA:288,0
DA:289,0
DA:293,1
DA:295,3
DA:296,3
DA:297,1
DA:299,1
DA:300,1
DA:301,1
DA:302,1
DA:303,3
DA:304,2
DA:307,1
DA:308,1
DA:313,1
DA:314,1
DA:316,4
DA:317,1
DA:322,1
DA:323,0
DA:324,0
DA:325,0
DA:328,1
DA:331,1
DA:332,1
DA:333,0
DA:335,0
DA:336,0
DA:338,0
DA:343,1
DA:344,1
DA:345,1
DA:347,6
DA:348,1
DA:349,1
DA:350,1
DA:351,1
DA:352,3
DA:353,3
DA:356,1
DA:357,0
DA:358,0
DA:359,0
DA:360,0
DA:363,1
DA:364,1
DA:365,1
DA:367,0
DA:368,0
DA:369,0
DA:374,1
DA:375,1
DA:376,0
DA:377,3
DA:378,2
DA:380,0
DA:382,1
DA:383,1
DA:384,3
DA:385,0
DA:395,0
DA:399,0
DA:412,0
DA:414,0
DA:415,0
DA:418,0
DA:419,0
DA:420,0
DA:421,0
DA:422,0
DA:426,0
DA:427,0
DA:432,0
DA:433,0
DA:435,0
DA:440,0
DA:442,0
DA:443,0
DA:449,0
DA:451,0
DA:456,0
DA:459,0
DA:460,0
DA:461,0
DA:462,0
DA:464,0
DA:466,0
DA:468,0
DA:470,0
DA:472,0
DA:473,0
DA:474,0
DA:475,0
DA:477,0
DA:479,0
DA:480,0
DA:481,0
DA:482,0
DA:484,0
DA:485,0
DA:487,0
DA:491,0
DA:495,0
DA:497,0
DA:500,0
DA:513,0
DA:514,0
DA:515,0
DA:516,0
DA:517,0
DA:521,0
DA:522,0
DA:526,0
DA:527,0
DA:528,0
DA:529,0
DA:535,0
DA:539,0
DA:541,0
DA:542,0
DA:543,0
DA:545,0
DA:546,0
DA:547,0
DA:549,0
DA:550,0
DA:551,0
DA:553,0
DA:555,0
DA:556,0
DA:557,0
DA:559,0
DA:561,0
DA:562,0
DA:567,0
DA:568,0
DA:573,0
DA:574,0
DA:575,0
DA:577,0
DA:578,0
DA:580,0
DA:587,0
LF:277
LH:67
end_of_record
SF:lib\src\widgets\status_pill.dart
DA:22,2
DA:31,0
DA:41,1
DA:45,1
DA:46,1
DA:48,3
DA:49,0
DA:50,0
DA:51,0
DA:53,1
DA:56,1
DA:63,2
DA:67,2
DA:69,4
DA:70,2
DA:71,6
DA:72,0
DA:73,0
DA:75,2
DA:83,2
DA:85,2
DA:86,2
DA:87,2
DA:90,2
DA:91,6
DA:92,4
DA:93,2
DA:94,3
DA:97,2
DA:98,2
DA:99,6
DA:100,2
DA:105,2
DA:106,2
LF:34
LH:28
end_of_record
SF:lib\src\screens\debug_bundle_screen.dart
DA:18,1
DA:38,1
DA:39,1
DA:45,1
DA:47,1
DA:48,5
DA:51,1
DA:56,4
DA:57,2
DA:58,1
DA:62,1
DA:64,1
DA:65,2
DA:66,1
DA:67,1
DA:69,1
DA:71,2
DA:74,1
DA:76,1
DA:78,1
DA:79,1
DA:84,2
DA:87,1
DA:89,1
DA:90,2
DA:92,1
DA:93,1
DA:95,1
DA:96,2
DA:97,1
DA:99,1
DA:100,1
DA:101,2
DA:111,1
DA:112,1
DA:113,1
DA:114,2
DA:118,1
DA:119,5
DA:133,1
DA:136,1
DA:138,1
DA:139,2
DA:140,1
DA:141,2
DA:142,1
DA:144,1
DA:145,1
DA:146,1
DA:147,2
DA:149,1
DA:150,1
DA:153,3
DA:154,2
DA:163,1
DA:164,3
DA:165,6
DA:166,6
DA:167,3
DA:168,3
DA:169,3
DA:171,1
DA:172,1
DA:174,1
DA:176,1
DA:177,1
DA:178,2
DA:180,1
DA:183,1
DA:184,1
DA:185,1
DA:186,2
LF:72
LH:72
end_of_record
SF:lib\src\screens\done_screen.dart
DA:12,1
DA:14,1
DA:16,2
DA:17,1
DA:18,1
DA:19,1
DA:24,1
DA:29,1
DA:31,1
DA:33,3
DA:34,3
DA:35,1
DA:37,1
DA:38,1
DA:39,1
DA:41,2
DA:43,3
DA:45,1
DA:46,1
DA:47,0
DA:51,1
DA:52,1
DA:54,1
DA:56,1
DA:57,1
DA:58,3
DA:62,1
DA:63,1
DA:64,4
DA:65,4
DA:72,1
DA:73,3
DA:74,0
DA:82,1
DA:84,1
DA:85,1
DA:87,2
DA:88,1
DA:92,2
DA:94,1
DA:95,3
DA:96,1
DA:98,0
DA:99,0
DA:102,1
DA:103,1
DA:104,2
DA:105,1
DA:106,1
DA:107,1
DA:108,1
DA:109,5
DA:116,1
DA:119,1
DA:120,1
DA:122,1
DA:124,1
DA:125,2
DA:127,3
LF:59
LH:55
end_of_record
SF:lib\src\screens\files_screen.dart
DA:18,1
DA:20,1
DA:21,1
DA:28,1
DA:32,3
DA:33,3
DA:34,3
DA:35,1
DA:36,2
DA:37,5
DA:39,1
DA:41,1
DA:42,1
DA:44,1
DA:45,1
DA:46,2
DA:47,3
DA:48,1
DA:49,1
DA:51,1
DA:55,1
DA:64,1
DA:66,1
DA:68,1
DA:75,1
DA:76,1
DA:77,1
DA:78,1
DA:80,0
DA:81,0
DA:82,0
DA:83,0
DA:87,1
DA:88,2
DA:90,0
DA:95,1
DA:96,1
DA:98,3
DA:100,0
DA:102,0
DA:104,0
DA:108,2
DA:110,1
DA:111,2
DA:116,1
DA:117,1
DA:121,0
DA:126,1
DA:127,3
DA:128,0
DA:129,0
DA:130,0
DA:131,0
DA:132,0
DA:135,0
DA:140,0
DA:141,0
DA:144,1
DA:145,4
DA:152,1
DA:163,1
DA:166,3
DA:167,1
DA:168,1
DA:169,1
DA:170,1
DA:171,1
DA:172,3
DA:173,1
DA:174,1
DA:176,4
DA:177,4
DA:185,1
DA:188,1
DA:190,1
DA:191,1
DA:193,1
DA:195,1
DA:196,4
DA:198,1
DA:199,1
DA:200,3
DA:201,2
DA:211,1
DA:213,1
DA:215,1
DA:216,1
DA:218,1
DA:219,2
DA:220,1
DA:222,1
DA:223,1
DA:230,1
DA:231,4
LF:94
LH:77
end_of_record
SF:lib\src\screens\firmware_screen.dart
DA:11,1
DA:13,1
DA:14,1
DA:20,1
DA:22,1
DA:29,1
DA:30,4
DA:31,2
DA:32,3
DA:33,3
DA:36,1
DA:38,4
DA:39,2
DA:41,1
DA:43,3
DA:44,3
DA:45,1
DA:46,1
DA:47,0
DA:48,1
DA:49,1
DA:50,1
DA:51,1
DA:52,3
DA:53,3
DA:54,3
DA:56,1
DA:57,1
DA:58,1
DA:59,1
DA:60,2
DA:61,2
DA:72,1
DA:79,2
DA:82,1
DA:83,3
DA:91,1
DA:92,3
DA:93,1
DA:95,1
DA:96,1
DA:97,2
DA:98,2
DA:99,2
DA:102,1
DA:103,1
DA:104,3
DA:105,0
DA:116,1
DA:117,1
DA:119,1
DA:120,2
DA:121,1
DA:122,1
DA:123,1
LF:55
LH:53
end_of_record
SF:lib\src\screens\hardening_screen.dart
DA:11,1
DA:13,1
DA:14,1
DA:28,1
DA:30,2
DA:31,2
DA:32,1
DA:35,1
DA:37,1
DA:43,1
DA:45,1
DA:46,1
DA:57,1
DA:66,3
DA:68,0
DA:69,0
DA:74,0
DA:75,0
DA:82,1
DA:83,3
DA:84,1
DA:85,3
DA:90,1
DA:91,3
DA:92,1
DA:93,4
DA:95,1
DA:96,3
DA:97,0
DA:99,0
DA:102,1
DA:103,1
DA:106,1
DA:107,1
DA:108,3
DA:109,0
DA:116,2
DA:117,2
DA:118,0
DA:119,1
DA:120,1
LF:41
LH:33
end_of_record
SF:lib\src\screens\kiauh_screen.dart
DA:11,1
DA:13,1
DA:14,1
DA:20,1
DA:22,3
DA:23,3
DA:24,1
DA:25,2
DA:27,2
DA:31,2
DA:33,1
DA:35,2
DA:39,1
DA:41,1
DA:43,1
DA:45,1
DA:49,1
DA:50,1
DA:51,0
DA:52,1
DA:54,1
DA:55,0
DA:56,0
DA:60,0
DA:61,0
DA:62,0
DA:64,0
DA:65,0
DA:66,0
DA:69,0
DA:72,0
DA:73,0
DA:75,0
DA:78,0
DA:85,1
DA:90,0
DA:91,0
DA:93,1
DA:95,1
DA:99,1
DA:101,1
DA:108,1
DA:109,3
DA:110,1
DA:111,1
DA:112,2
DA:113,2
DA:114,2
DA:117,1
DA:118,4
LF:50
LH:34
end_of_record
SF:lib\src\screens\pick_printer_screen.dart
DA:14,1
DA:16,1
DA:17,1
DA:24,1
DA:29,1
DA:30,1
DA:32,5
DA:36,1
DA:38,2
DA:39,1
DA:40,1
DA:41,1
DA:43,2
DA:45,1
DA:46,0
DA:47,0
DA:48,0
DA:49,0
DA:53,2
DA:54,1
DA:55,1
DA:56,1
DA:60,1
DA:61,0
DA:63,0
DA:64,0
DA:67,1
DA:70,1
DA:77,1
DA:78,3
DA:79,1
DA:81,0
DA:82,0
DA:83,0
DA:84,0
DA:86,0
DA:88,0
DA:91,1
DA:92,4
DA:101,0
DA:110,0
DA:112,0
DA:113,0
DA:115,0
DA:116,0
DA:117,0
DA:118,0
DA:119,0
DA:120,0
DA:121,0
DA:123,0
DA:125,0
DA:126,0
DA:127,0
DA:128,0
DA:129,0
DA:132,0
DA:134,0
DA:147,0
DA:151,0
DA:153,0
DA:155,0
DA:156,0
DA:157,0
DA:158,0
DA:161,0
LF:66
LH:26
end_of_record
SF:lib\src\widgets\host_approval_gate.dart
DA:20,0
DA:26,1
DA:32,1
DA:33,0
DA:34,0
DA:35,0
DA:37,0
DA:38,0
DA:42,0
DA:43,0
DA:46,0
DA:49,0
DA:54,0
DA:55,0
DA:56,0
DA:59,0
DA:60,0
LF:17
LH:2
end_of_record
SF:lib\src\widgets\resume_gate.dart
DA:14,2
DA:17,8
DA:26,1
DA:50,1
DA:64,0
DA:68,1
DA:69,1
DA:75,1
DA:77,1
DA:78,4
DA:81,1
DA:82,1
DA:83,1
DA:84,3
DA:87,1
DA:88,1
DA:90,1
DA:92,1
DA:93,1
DA:95,2
DA:98,2
DA:100,4
DA:104,1
DA:105,1
DA:106,3
DA:109,1
DA:110,0
DA:117,1
DA:118,1
DA:120,0
DA:121,0
DA:122,0
DA:123,0
DA:124,0
DA:125,0
DA:128,0
DA:130,0
DA:131,0
DA:136,0
DA:137,0
DA:138,0
DA:146,0
DA:147,0
DA:149,0
DA:153,1
DA:154,0
DA:161,1
DA:162,2
LF:48
LH:30
end_of_record
SF:lib\src\widgets\preflight_strip.dart
DA:18,1
DA:20,2
DA:21,2
DA:27,2
DA:29,2
DA:30,2
DA:33,2
DA:34,10
DA:37,2
DA:39,2
DA:40,2
DA:41,2
DA:42,2
DA:43,4
DA:44,2
DA:51,4
DA:54,2
DA:59,0
DA:60,0
DA:61,0
DA:62,0
DA:63,0
DA:64,0
DA:67,2
DA:68,6
DA:69,2
DA:70,2
DA:71,4
DA:73,4
DA:74,2
DA:77,1
DA:79,2
DA:80,1
DA:82,2
DA:84,0
DA:87,2
DA:88,1
DA:89,1
DA:90,2
DA:91,2
DA:92,3
DA:93,2
DA:94,0
DA:95,0
DA:101,1
DA:102,1
DA:104,2
DA:105,1
DA:107,1
DA:109,1
DA:111,1
DA:112,1
DA:114,3
DA:117,1
DA:118,1
DA:119,1
DA:120,1
DA:126,1
DA:128,1
DA:129,0
DA:143,2
DA:157,2
DA:159,2
DA:161,2
DA:162,2
DA:163,2
DA:165,2
DA:166,2
DA:167,2
DA:168,2
DA:169,2
DA:170,2
DA:171,4
DA:174,2
DA:175,2
DA:176,2
DA:177,2
DA:178,2
LF:78
LH:68
end_of_record
SF:lib\src\screens\progress_screen.dart
DA:14,1
DA:16,1
DA:17,1
DA:34,1
DA:36,1
DA:37,1
DA:40,1
DA:41,3
DA:42,3
DA:44,1
DA:45,2
DA:46,1
DA:47,1
DA:48,1
DA:51,0
DA:52,0
DA:53,0
DA:54,0
DA:55,0
DA:58,1
DA:62,1
DA:64,2
DA:65,2
DA:66,3
DA:67,1
DA:68,2
DA:69,1
DA:70,1
DA:72,2
DA:73,2
DA:74,3
DA:75,2
DA:76,1
DA:77,1
DA:80,1
DA:81,0
DA:82,1
DA:83,0
DA:84,1
DA:85,0
DA:86,1
DA:87,0
DA:88,0
DA:89,0
DA:91,3
DA:92,1
DA:102,1
DA:103,3
DA:104,1
DA:106,3
DA:107,2
DA:108,0
DA:109,2
DA:110,3
DA:111,0
DA:113,1
DA:116,1
DA:120,1
DA:121,3
DA:123,1
DA:124,1
DA:125,1
DA:126,1
DA:127,0
DA:128,0
DA:129,0
DA:130,0
DA:131,0
DA:132,0
DA:133,0
DA:134,0
DA:136,0
DA:140,1
DA:141,1
DA:142,1
DA:143,3
DA:144,1
DA:145,2
DA:146,1
DA:147,1
DA:148,4
DA:150,1
DA:152,1
DA:153,1
DA:154,4
DA:156,2
DA:157,1
DA:158,1
DA:159,1
DA:160,4
DA:161,1
DA:168,0
DA:169,0
DA:170,0
DA:171,0
DA:172,0
DA:173,0
DA:175,0
DA:176,0
DA:177,0
DA:178,0
DA:180,0
DA:182,0
DA:183,0
DA:184,0
DA:187,0
DA:189,0
DA:190,0
DA:192,0
DA:193,0
DA:194,0
DA:196,0
DA:198,0
DA:205,0
DA:206,0
DA:207,0
DA:208,0
DA:226,0
DA:231,0
DA:232,0
DA:233,0
DA:234,0
DA:236,0
DA:237,0
DA:238,0
DA:240,0
DA:242,0
DA:245,0
DA:246,0
DA:247,0
DA:248,0
DA:249,0
DA:250,0
DA:252,0
DA:253,0
DA:254,0
DA:255,0
DA:256,0
DA:257,0
DA:258,0
DA:260,0
DA:261,0
DA:262,0
DA:263,0
DA:264,0
DA:265,0
DA:266,0
DA:268,0
DA:269,0
DA:270,0
DA:271,0
DA:272,0
DA:273,0
DA:274,0
DA:276,0
DA:277,0
DA:278,0
DA:279,0
DA:280,0
DA:281,0
DA:282,0
DA:284,0
DA:285,0
DA:286,0
DA:287,0
DA:288,0
DA:289,0
DA:291,0
DA:292,0
DA:293,0
DA:295,0
DA:303,0
DA:306,0
DA:307,0
DA:318,0
DA:319,0
DA:322,0
DA:324,0
DA:325,0
DA:326,0
DA:327,0
DA:328,0
DA:329,0
DA:330,0
DA:331,0
DA:332,0
DA:339,0
DA:340,0
DA:341,0
DA:342,0
DA:343,0
DA:344,0
DA:345,0
DA:346,0
DA:347,0
DA:348,0
DA:349,0
DA:356,0
DA:357,0
DA:358,0
DA:360,0
DA:361,0
DA:362,0
DA:363,0
DA:365,0
DA:367,0
DA:369,0
DA:370,0
DA:372,0
DA:373,0
DA:374,0
DA:375,0
DA:376,0
DA:377,0
DA:378,0
DA:379,0
DA:386,0
DA:387,0
DA:388,0
DA:389,0
DA:391,0
DA:392,0
DA:393,0
DA:404,1
DA:408,1
DA:409,1
DA:411,3
DA:414,1
DA:415,2
DA:416,1
DA:429,1
DA:430,1
DA:431,4
DA:432,1
DA:433,1
DA:434,1
DA:435,1
DA:436,1
DA:437,1
DA:438,1
DA:439,1
DA:440,1
DA:441,1
DA:442,1
DA:443,1
DA:444,1
DA:445,1
DA:446,1
DA:447,1
DA:448,1
DA:449,1
DA:450,3
DA:454,1
DA:456,1
DA:458,1
DA:459,1
DA:460,1
DA:462,1
DA:463,2
DA:464,0
DA:465,0
DA:466,0
DA:467,0
DA:468,0
DA:469,0
DA:471,0
DA:473,0
DA:475,0
DA:476,0
DA:480,0
DA:482,1
DA:484,1
DA:485,1
DA:492,1
DA:495,1
DA:496,3
DA:502,1
DA:503,1
DA:504,1
DA:505,3
DA:506,1
DA:507,2
DA:508,2
DA:509,2
DA:526,1
DA:527,1
DA:528,3
DA:529,1
DA:530,0
DA:531,3
DA:532,1
DA:533,0
DA:534,1
LF:293
LH:126
end_of_record
SF:lib\src\widgets\network_panel.dart
DA:12,1
DA:14,0
DA:15,0
DA:23,0
DA:25,0
DA:26,0
DA:27,0
DA:28,0
DA:29,0
DA:33,0
DA:35,0
DA:36,0
DA:37,0
DA:38,0
DA:40,0
DA:43,0
DA:49,0
DA:50,0
DA:51,0
DA:52,0
DA:53,0
DA:54,0
DA:60,0
DA:64,0
DA:66,0
DA:67,0
DA:68,0
DA:69,0
DA:71,0
DA:72,0
DA:73,0
DA:80,0
DA:81,0
DA:87,0
DA:88,0
DA:89,0
DA:91,0
DA:92,0
DA:93,0
DA:94,0
DA:95,0
DA:96,0
DA:99,0
DA:100,0
DA:102,0
DA:103,0
DA:104,0
DA:108,0
DA:110,0
DA:111,0
DA:112,0
DA:113,0
DA:121,0
DA:122,0
DA:124,0
DA:126,0
DA:127,0
DA:128,0
DA:130,0
LF:59
LH:1
end_of_record
SF:lib\src\screens\review_screen.dart
DA:16,1
DA:18,1
DA:19,1
DA:25,1
DA:27,3
DA:28,3
DA:29,1
DA:30,1
DA:31,1
DA:33,1
DA:34,1
DA:36,1
DA:41,1
DA:42,4
DA:43,0
DA:44,0
DA:47,2
DA:49,1
DA:51,3
DA:52,3
DA:53,1
DA:55,1
DA:56,1
DA:57,1
DA:59,1
DA:61,1
DA:62,4
DA:63,4
DA:64,1
DA:65,0
DA:66,1
DA:67,1
DA:68,1
DA:69,1
DA:70,3
DA:71,2
DA:73,1
DA:74,1
DA:75,1
DA:77,1
DA:79,1
DA:86,1
DA:87,2
DA:88,1
DA:90,1
DA:92,1
DA:93,1
DA:94,1
DA:95,1
DA:96,2
DA:98,1
DA:99,3
DA:100,3
DA:101,2
DA:107,1
DA:108,3
DA:109,3
DA:110,2
DA:114,1
DA:115,1
DA:116,2
DA:117,0
DA:118,0
DA:119,0
DA:120,0
DA:128,1
DA:129,1
DA:130,0
DA:131,4
DA:135,1
DA:136,3
DA:137,1
DA:139,1
DA:140,1
DA:141,3
DA:142,0
DA:154,1
DA:158,1
DA:159,2
DA:160,1
DA:161,1
DA:163,1
DA:164,0
DA:165,0
DA:166,0
DA:167,1
DA:168,2
DA:169,6
DA:170,3
DA:171,1
DA:172,0
DA:173,1
DA:175,1
DA:177,0
DA:179,0
DA:183,1
DA:187,2
DA:197,1
DA:204,1
DA:215,1
DA:219,0
DA:220,0
DA:222,0
DA:223,0
DA:224,0
DA:225,0
DA:226,0
DA:227,0
DA:230,0
DA:231,0
DA:232,0
DA:238,1
DA:244,1
DA:245,0
DA:246,2
DA:249,1
DA:250,1
DA:251,1
DA:252,1
DA:253,1
DA:254,1
DA:260,1
DA:261,3
DA:262,2
DA:263,1
DA:264,0
DA:265,0
DA:267,1
DA:268,0
DA:269,0
DA:270,0
DA:271,0
DA:272,0
DA:278,0
DA:280,1
DA:281,2
DA:282,2
DA:283,1
DA:284,3
DA:285,0
DA:288,0
DA:290,1
DA:292,0
DA:293,0
DA:294,0
DA:295,0
DA:297,0
DA:304,1
DA:306,2
DA:307,1
DA:308,1
DA:309,1
DA:310,1
DA:311,1
DA:313,4
DA:315,1
DA:317,0
DA:318,0
DA:319,0
DA:320,1
DA:322,0
DA:323,0
DA:324,0
DA:325,0
DA:326,0
DA:328,0
DA:330,1
DA:334,3
DA:336,3
DA:337,1
DA:338,2
DA:339,4
DA:342,1
DA:343,0
DA:344,0
DA:345,0
DA:346,0
DA:349,0
DA:351,0
DA:352,0
DA:353,0
DA:355,1
DA:357,0
DA:358,0
DA:359,0
DA:360,0
DA:362,0
DA:364,0
DA:365,0
DA:366,0
DA:367,0
DA:371,1
DA:373,0
DA:374,0
DA:375,0
DA:377,1
DA:378,0
DA:379,0
DA:380,1
DA:381,0
DA:382,0
DA:383,1
DA:384,1
DA:385,1
DA:387,1
DA:388,1
DA:389,1
DA:393,1
DA:398,2
DA:400,1
DA:401,1
DA:402,2
DA:405,1
DA:406,0
DA:411,1
DA:412,2
DA:417,1
DA:418,0
DA:423,1
DA:424,2
DA:429,1
DA:430,0
DA:435,1
DA:439,1
DA:441,1
DA:443,1
DA:444,1
DA:446,1
DA:448,1
DA:449,1
DA:450,1
DA:451,3
DA:452,2
DA:454,1
DA:455,1
DA:456,6
DA:457,3
DA:458,2
DA:465,2
DA:466,1
DA:468,1
DA:469,1
DA:470,3
DA:472,1
DA:473,2
DA:474,1
DA:475,2
DA:477,1
LF:248
LH:170
end_of_record
SF:lib\src\screens\screen_choice_screen.dart
DA:13,1
DA:15,1
DA:16,1
DA:22,1
DA:27,1
DA:28,2
DA:31,1
DA:33,1
DA:34,3
DA:35,3
DA:36,2
DA:37,1
DA:45,2
DA:46,1
DA:47,1
DA:48,5
DA:49,0
DA:50,2
DA:51,3
DA:52,2
DA:53,1
DA:54,0
DA:58,1
DA:61,1
DA:68,1
DA:69,1
DA:70,0
DA:71,1
DA:73,1
DA:74,1
DA:75,1
DA:76,1
DA:77,1
DA:78,3
DA:79,3
DA:80,2
DA:82,1
DA:83,1
DA:84,1
DA:85,1
DA:86,3
DA:87,2
DA:89,1
DA:90,1
DA:92,4
DA:94,0
DA:96,0
DA:99,4
DA:101,0
DA:103,0
DA:108,1
DA:109,1
DA:110,1
DA:117,1
DA:118,3
DA:119,1
DA:121,0
DA:122,0
DA:123,0
DA:124,0
DA:125,0
DA:128,1
DA:129,4
DA:134,1
DA:135,2
DA:136,0
DA:139,1
DA:140,3
DA:145,1
LF:69
LH:56
end_of_record
SF:lib\src\screens\services_screen.dart
DA:19,1
DA:21,1
DA:22,1
DA:29,1
DA:31,1
DA:38,3
DA:39,1
DA:40,2
DA:44,1
DA:46,6
DA:48,2
DA:49,2
DA:50,1
DA:51,1
DA:54,1
DA:55,1
DA:56,1
DA:57,3
DA:58,1
DA:59,2
DA:60,2
DA:61,1
DA:62,1
DA:63,1
DA:68,5
DA:71,1
DA:75,3
DA:76,3
DA:77,1
DA:78,1
DA:79,1
DA:84,1
DA:85,1
DA:86,2
DA:87,3
DA:88,0
DA:89,0
DA:91,1
DA:95,1
DA:104,1
DA:106,1
DA:108,1
DA:110,1
DA:114,1
DA:115,1
DA:117,3
DA:119,3
DA:120,3
DA:122,0
DA:124,0
DA:126,0
DA:129,0
DA:130,0
DA:131,0
DA:134,1
DA:136,0
DA:137,0
DA:143,0
DA:144,0
DA:146,0
DA:148,0
DA:151,0
DA:152,0
DA:157,1
DA:158,3
DA:159,0
DA:161,1
DA:162,1
DA:163,3
DA:164,0
DA:173,1
DA:191,1
DA:193,1
DA:195,4
DA:196,2
DA:197,1
DA:198,1
DA:200,2
DA:202,1
DA:204,1
DA:205,1
DA:206,1
DA:208,1
DA:211,1
DA:212,1
DA:213,1
DA:214,2
DA:217,1
DA:218,1
DA:219,1
DA:220,1
DA:221,2
DA:222,2
DA:225,0
DA:231,1
DA:233,1
DA:235,1
DA:237,1
DA:238,0
DA:239,0
DA:240,0
DA:241,0
DA:245,0
DA:246,0
DA:247,0
DA:248,0
DA:249,0
DA:254,1
DA:255,1
DA:256,0
DA:257,0
DA:259,1
DA:261,1
DA:262,1
DA:263,0
DA:264,0
DA:265,0
DA:266,0
DA:294,1
DA:295,1
DA:297,0
DA:298,0
DA:300,0
DA:303,0
DA:304,0
DA:306,0
DA:309,0
DA:310,0
DA:312,0
DA:315,0
DA:317,0
DA:321,1
DA:323,1
DA:324,0
DA:331,0
DA:341,0
DA:343,0
DA:344,0
DA:345,0
DA:346,0
DA:347,0
DA:348,0
DA:355,0
DA:358,0
DA:360,0
DA:361,0
DA:363,0
DA:365,0
DA:366,0
DA:368,0
DA:369,0
DA:370,0
DA:371,0
DA:381,1
DA:382,1
DA:384,1
DA:385,1
DA:387,1
DA:388,2
DA:389,1
DA:391,1
DA:392,1
DA:399,1
DA:400,1
DA:403,2
DA:415,1
DA:418,1
DA:420,1
DA:421,1
DA:423,1
DA:424,2
DA:425,1
DA:427,1
DA:428,1
DA:429,3
DA:430,2
LF:176
LH:111
end_of_record
SF:lib\src\screens\snapshot_screen.dart
DA:28,1
DA:30,1
DA:31,1
DA:42,1
DA:44,1
DA:48,4
DA:51,1
DA:52,3
DA:53,3
DA:54,1
DA:55,3
DA:58,1
DA:60,2
DA:61,1
DA:62,2
DA:70,0
DA:71,0
DA:72,0
DA:73,0
DA:74,0
DA:75,0
DA:78,0
DA:79,0
DA:80,0
DA:81,0
DA:86,1
DA:88,3
DA:89,3
DA:90,1
DA:91,2
DA:92,4
DA:94,1
DA:96,2
DA:98,1
DA:99,1
DA:100,3
DA:101,0
DA:108,4
DA:112,1
DA:119,1
DA:121,1
DA:122,1
DA:123,1
DA:134,2
DA:136,3
DA:137,3
DA:138,1
DA:139,5
DA:140,0
DA:142,0
DA:144,0
DA:148,2
DA:150,1
DA:151,2
DA:152,4
DA:155,1
DA:156,1
DA:157,1
DA:159,1
DA:161,1
DA:162,1
DA:163,2
DA:164,3
DA:167,1
DA:169,3
DA:171,1
DA:172,1
DA:173,0
DA:174,0
DA:204,1
DA:206,1
DA:208,0
DA:212,0
DA:213,0
DA:214,0
DA:215,0
DA:217,0
DA:220,1
DA:221,1
DA:224,0
DA:232,1
DA:248,1
DA:250,1
DA:251,1
DA:252,1
DA:253,1
DA:254,0
DA:255,3
DA:256,1
DA:258,1
DA:259,2
DA:260,5
DA:261,1
DA:262,2
DA:263,3
DA:265,2
DA:268,1
DA:269,1
DA:271,1
DA:272,1
DA:279,3
DA:283,1
DA:284,0
DA:286,0
DA:288,0
DA:291,1
DA:292,0
DA:293,0
DA:294,0
DA:302,1
DA:303,2
DA:305,0
DA:307,0
DA:308,0
DA:309,0
DA:311,0
LF:116
LH:81
end_of_record
SF:lib\src\screens\welcome_screen.dart
DA:10,1
DA:12,1
DA:14,1
DA:46,1
DA:48,0
DA:50,1
DA:51,1
DA:53,0
DA:61,1
DA:70,1
DA:72,1
DA:73,1
DA:74,1
DA:76,1
DA:78,1
DA:79,4
DA:81,1
DA:82,1
DA:84,1
DA:85,4
DA:87,4
LF:21
LH:19
end_of_record
SF:lib\src\screens\webui_screen.dart
DA:13,1
DA:15,1
DA:16,1
DA:23,1
DA:25,3
DA:26,3
DA:27,1
DA:28,2
DA:29,2
DA:30,1
DA:31,1
DA:32,1
DA:38,1
DA:39,1
DA:40,1
DA:41,4
DA:42,0
DA:44,3
DA:45,1
DA:48,1
DA:49,2
DA:51,1
DA:53,3
DA:54,3
DA:55,1
DA:57,1
DA:58,1
DA:61,1
DA:63,2
DA:64,2
DA:65,1
DA:67,1
DA:68,1
DA:69,1
DA:75,2
DA:76,2
DA:79,1
DA:80,1
DA:82,3
DA:83,3
DA:84,3
DA:86,2
DA:87,2
DA:94,1
DA:95,1
DA:97,3
DA:98,3
DA:99,1
DA:100,0
DA:101,0
DA:103,0
DA:105,0
DA:111,1
DA:112,3
DA:114,0
DA:115,0
DA:116,0
DA:117,0
DA:118,0
DA:122,1
DA:123,1
DA:124,3
DA:125,0
DA:136,1
DA:137,1
DA:138,3
DA:139,1
DA:140,1
DA:141,1
DA:150,1
DA:163,1
DA:165,1
DA:166,2
DA:167,1
DA:168,1
DA:171,0
DA:173,0
DA:176,0
DA:178,0
DA:181,1
DA:182,1
DA:183,0
DA:184,1
DA:185,1
DA:186,4
DA:187,0
DA:193,4
LF:87
LH:70
end_of_record
SF:lib\src\screens\verify_screen.dart
DA:13,1
DA:15,1
DA:16,1
DA:24,0
DA:25,0
DA:26,0
DA:27,0
DA:30,0
DA:32,0
DA:33,0
DA:35,0
DA:39,1
DA:40,1
DA:41,1
DA:42,0
DA:43,0
DA:44,0
DA:47,0
DA:49,0
DA:50,0
DA:52,0
DA:56,2
DA:57,1
DA:58,2
DA:59,4
DA:60,5
DA:61,1
DA:62,1
DA:63,3
DA:64,4
DA:66,1
DA:67,0
DA:68,4
DA:74,0
DA:75,0
DA:76,0
DA:77,0
DA:78,0
DA:79,0
DA:80,0
DA:81,0
DA:82,0
DA:85,0
DA:86,0
DA:87,0
DA:95,0
DA:96,0
DA:97,0
DA:98,0
DA:115,1
DA:116,1
DA:117,3
DA:118,2
DA:119,2
DA:120,1
DA:123,0
DA:124,0
DA:126,0
DA:127,0
DA:128,0
DA:130,0
DA:131,0
DA:132,0
DA:134,0
DA:135,0
DA:138,0
DA:139,0
DA:140,0
DA:145,1
DA:147,1
DA:148,3
DA:149,1
DA:150,3
DA:151,1
DA:152,2
DA:153,2
DA:160,1
DA:161,1
DA:162,1
DA:163,1
DA:164,2
DA:165,1
DA:166,1
DA:167,2
DA:168,1
DA:170,1
DA:175,1
DA:177,3
DA:178,3
DA:179,1
DA:181,1
DA:182,2
DA:183,1
DA:184,2
DA:185,1
DA:187,1
DA:189,1
DA:190,1
DA:191,1
DA:192,1
DA:193,2
DA:195,1
DA:196,3
DA:197,3
DA:198,2
DA:204,1
DA:205,3
DA:206,3
DA:207,2
DA:211,1
DA:212,1
DA:214,3
DA:215,3
DA:216,0
DA:217,0
DA:218,2
DA:220,1
DA:222,0
DA:223,0
DA:224,0
DA:227,1
DA:228,1
DA:229,1
DA:230,1
DA:231,0
DA:232,0
DA:233,1
DA:234,3
DA:235,1
DA:243,2
DA:244,1
DA:245,2
DA:246,1
DA:248,1
DA:250,1
DA:251,1
DA:252,4
DA:253,2
DA:256,1
DA:257,3
DA:258,3
DA:259,2
DA:263,1
DA:264,1
DA:266,3
DA:267,3
DA:268,0
DA:269,0
DA:270,0
DA:278,2
DA:279,1
DA:280,2
DA:281,1
DA:283,1
DA:285,1
DA:286,1
DA:287,4
DA:288,2
DA:291,1
DA:292,3
DA:293,3
DA:294,2
DA:298,1
DA:299,1
DA:302,3
DA:304,0
DA:305,0
DA:313,1
DA:314,4
DA:316,0
DA:317,0
DA:318,0
DA:319,0
DA:320,0
DA:323,0
DA:324,0
DA:325,0
DA:327,0
DA:328,0
DA:334,1
DA:335,3
DA:336,0
DA:338,1
DA:339,4
DA:347,0
DA:348,0
DA:349,0
DA:352,0
DA:353,0
DA:354,0
DA:355,0
DA:356,0
DA:357,0
DA:358,0
DA:359,0
DA:360,0
DA:361,0
DA:362,0
DA:363,0
DA:365,0
DA:366,0
DA:367,0
DA:369,0
DA:377,0
DA:378,0
DA:379,0
DA:381,0
DA:382,0
DA:383,0
DA:384,0
DA:386,0
DA:387,0
DA:388,0
DA:390,0
DA:395,1
DA:408,1
DA:410,1
DA:411,1
DA:415,1
DA:416,1
DA:418,1
DA:419,6
DA:421,1
DA:422,1
DA:423,1
DA:424,1
DA:425,1
DA:427,4
DA:430,0
DA:431,0
DA:436,1
DA:437,3
DA:439,1
DA:441,1
DA:442,1
DA:443,1
DA:444,3
DA:446,1
DA:447,1
DA:448,3
DA:449,2
DA:453,1
DA:456,2
DA:461,1
DA:463,4
DA:464,1
DA:472,1
DA:487,1
DA:489,1
DA:490,2
DA:502,1
DA:503,2
DA:504,3
DA:505,5
DA:508,1
DA:509,5
DA:510,3
DA:511,5
DA:512,3
DA:513,1
DA:514,1
DA:516,1
DA:518,1
DA:519,1
DA:520,1
DA:521,1
DA:522,4
DA:523,6
DA:525,1
DA:527,1
DA:528,1
DA:529,2
DA:530,3
DA:534,1
DA:535,1
DA:536,1
DA:537,3
DA:538,2
DA:546,1
DA:548,4
DA:549,1
DA:552,1
DA:553,1
DA:556,2
DA:558,1
DA:559,1
DA:560,0
DA:561,3
DA:562,3
DA:564,1
DA:566,2
DA:568,1
DA:569,1
DA:570,1
DA:577,1
DA:578,1
DA:579,0
DA:580,3
LF:298
LH:196
end_of_record
