SF:lib\src\sidecar_profile_service.dart
DA:22,0
DA:34,0
DA:38,0
DA:50,0
DA:52,0
DA:55,0
DA:56,0
DA:57,0
DA:59,0
DA:62,0
DA:64,0
DA:65,0
DA:66,0
DA:67,0
DA:69,0
DA:71,0
DA:72,0
DA:73,0
DA:74,0
DA:75,0
DA:76,0
DA:77,0
DA:78,0
DA:79,0
DA:80,0
DA:81,0
DA:82,0
DA:85,0
DA:86,0
DA:89,0
DA:94,0
DA:96,0
DA:97,0
DA:98,0
DA:103,0
DA:112,0
DA:119,0
DA:120,0
DA:122,0
DA:125,0
DA:130,0
DA:137,0
DA:138,0
DA:139,0
DA:143,0
DA:144,0
DA:149,0
DA:150,0
DA:151,0
DA:154,0
DA:155,0
DA:158,0
DA:159,0
DA:166,0
DA:167,0
DA:169,0
DA:171,0
DA:172,0
DA:173,0
DA:181,1
DA:183,1
DA:184,2
DA:201,1
DA:202,1
DA:203,1
DA:208,1
DA:209,1
DA:214,1
DA:215,2
DA:220,1
DA:225,1
DA:226,1
DA:227,1
DA:228,2
DA:229,6
DA:233,1
DA:234,2
LF:77
LH:18
end_of_record
