SF:lib\src\sidecar_client.dart
DA:37,3
DA:59,2
DA:61,4
DA:64,0
DA:65,0
DA:66,0
DA:68,0
DA:69,0
DA:75,0
DA:76,0
DA:77,0
DA:78,0
DA:79,0
DA:80,0
DA:81,0
DA:83,0
DA:91,0
DA:92,0
DA:93,0
DA:94,0
DA:95,0
DA:97,0
DA:102,0
DA:107,0
DA:109,0
DA:119,0
DA:124,0
DA:125,0
DA:127,0
DA:128,0
DA:129,0
DA:130,0
DA:136,0
DA:137,0
DA:138,0
DA:148,1
DA:150,2
DA:152,2
DA:154,1
DA:162,1
DA:167,2
DA:168,1
DA:169,2
DA:171,2
DA:173,2
DA:175,1
DA:176,2
DA:177,2
DA:183,1
DA:187,0
DA:189,0
DA:190,0
DA:191,0
DA:192,0
DA:193,0
DA:194,0
DA:196,0
DA:197,0
DA:198,0
DA:199,0
DA:200,0
DA:202,0
DA:210,0
DA:212,0
DA:214,0
DA:215,0
DA:216,0
DA:217,0
DA:218,0
DA:220,0
DA:223,0
DA:225,0
DA:227,0
DA:228,0
DA:229,0
DA:230,0
DA:232,0
DA:233,0
DA:234,0
DA:243,1
DA:244,1
DA:249,1
DA:254,2
DA:258,1
DA:259,2
DA:262,1
DA:268,1
DA:270,2
DA:271,1
DA:272,1
DA:273,1
DA:277,2
DA:279,3
DA:285,2
DA:286,2
DA:289,1
DA:295,1
DA:296,1
DA:297,1
DA:303,1
DA:304,1
DA:305,3
DA:306,1
DA:307,1
DA:309,1
DA:310,1
DA:314,1
DA:315,1
DA:316,2
DA:321,0
DA:322,0
DA:325,0
DA:326,0
DA:327,0
DA:328,0
DA:331,0
DA:337,1
DA:349,3
DA:354,1
DA:355,3
DA:360,0
DA:364,0
DA:369,0
LF:123
LH:51
end_of_record
SF:lib\src\sidecar_flash_service.dart
DA:14,1
DA:19,0
DA:21,0
DA:22,0
DA:23,0
DA:26,1
DA:33,1
DA:34,1
DA:35,1
DA:38,1
DA:39,2
DA:45,0
DA:48,1
DA:53,1
DA:54,1
DA:55,1
DA:58,0
DA:59,0
DA:63,0
DA:66,1
DA:68,1
DA:71,2
DA:73,0
DA:74,0
DA:78,1
DA:79,1
DA:81,2
DA:85,1
DA:86,2
DA:87,2
DA:88,1
DA:89,2
DA:94,1
DA:96,1
DA:97,2
DA:98,2
DA:100,1
DA:104,0
DA:105,0
DA:106,0
DA:107,0
DA:108,0
DA:109,0
DA:110,0
DA:111,0
DA:112,0
DA:113,0
DA:117,0
DA:118,0
DA:119,0
DA:120,0
DA:121,0
DA:124,0
DA:125,0
DA:126,0
DA:128,0
DA:129,0
DA:130,0
DA:131,0
DA:132,0
DA:133,0
DA:134,0
DA:138,0
DA:141,0
DA:142,0
DA:143,0
DA:144,0
DA:148,0
DA:155,0
DA:156,0
DA:157,0
DA:158,0
DA:159,0
LF:73
LH:27
end_of_record
SF:lib\src\security_service.dart
DA:11,0
DA:19,0
DA:20,0
DA:22,0
DA:24,0
DA:25,0
DA:31,0
DA:32,0
DA:33,0
DA:37,0
DA:43,0
DA:44,0
DA:45,0
DA:48,0
DA:50,0
DA:56,0
DA:57,0
DA:59,0
DA:60,0
DA:64,0
DA:69,0
DA:70,0
DA:71,0
DA:78,0
DA:80,0
DA:83,0
DA:85,0
DA:88,0
DA:90,0
DA:93,0
DA:98,0
DA:101,0
DA:103,0
DA:106,0
DA:107,0
LF:35
LH:0
end_of_record
SF:lib\src\upstream_service.dart
DA:26,0
DA:31,0
DA:37,0
DA:44,0
DA:45,0
DA:50,0
DA:51,0
DA:52,0
DA:56,0
DA:65,0
DA:67,0
DA:68,0
DA:69,0
DA:70,0
DA:71,0
DA:72,0
DA:73,0
DA:74,0
DA:76,0
DA:77,0
DA:78,0
DA:81,0
DA:82,0
DA:84,0
DA:85,0
DA:86,0
DA:88,0
DA:95,0
DA:101,0
DA:102,0
DA:103,0
DA:104,0
DA:105,0
DA:106,0
DA:108,0
DA:111,0
DA:113,0
DA:114,0
DA:116,0
DA:117,0
DA:118,0
DA:119,0
DA:120,0
DA:127,0
DA:129,0
DA:130,0
DA:133,0
DA:134,0
DA:135,0
DA:137,0
DA:138,0
DA:139,0
DA:140,0
DA:141,0
DA:142,0
DA:143,0
DA:149,0
DA:150,0
DA:151,0
DA:155,0
DA:156,0
DA:163,0
DA:164,0
DA:165,0
DA:166,0
LF:65
LH:0
end_of_record
SF:lib\src\process_elevated_helper.dart
DA:28,1
DA:43,1
DA:51,1
DA:56,1
DA:57,0
DA:64,1
DA:66,2
DA:71,0
DA:81,3
DA:82,2
DA:86,1
DA:87,2
DA:95,0
DA:97,0
DA:98,0
DA:99,0
DA:121,0
DA:122,0
DA:123,0
DA:124,0
DA:125,0
DA:128,0
DA:129,0
DA:131,0
DA:133,0
DA:134,0
DA:135,0
DA:137,0
DA:138,0
DA:140,0
DA:142,0
DA:149,0
DA:151,0
DA:155,0
DA:157,0
DA:158,0
DA:159,0
DA:160,0
DA:161,0
DA:163,0
DA:164,0
DA:166,0
DA:167,0
DA:168,0
DA:169,0
DA:170,0
DA:171,0
DA:172,0
DA:173,0
DA:174,0
DA:175,0
DA:178,0
DA:179,0
DA:181,0
DA:188,0
DA:189,0
DA:197,0
DA:198,0
DA:199,0
DA:202,0
DA:203,0
DA:205,0
DA:208,0
DA:209,0
DA:211,0
DA:215,0
DA:218,0
DA:219,0
DA:220,0
DA:221,0
DA:225,0
DA:227,0
DA:231,0
DA:233,0
DA:243,0
DA:255,0
DA:256,0
DA:257,0
DA:258,0
DA:259,0
DA:261,0
DA:262,0
DA:264,0
DA:265,0
DA:266,0
DA:275,0
DA:276,0
DA:279,0
DA:280,0
DA:283,0
DA:294,0
DA:295,0
DA:296,0
DA:299,0
DA:300,0
DA:302,0
DA:303,0
DA:304,0
DA:305,0
DA:306,0
DA:307,0
DA:308,0
DA:310,0
DA:311,0
DA:312,0
DA:313,0
DA:314,0
DA:315,0
DA:316,0
DA:320,0
DA:324,0
DA:326,0
DA:331,0
DA:332,0
DA:335,0
DA:339,0
DA:341,0
DA:342,0
DA:346,0
DA:348,0
DA:349,0
DA:350,0
DA:351,0
DA:352,0
DA:356,0
DA:358,0
DA:359,0
DA:360,0
DA:364,0
DA:366,0
DA:367,0
DA:371,0
DA:378,0
DA:379,0
DA:380,0
DA:381,0
DA:382,0
DA:389,0
DA:399,3
DA:402,0
DA:404,0
DA:405,0
LF:142
LH:11
end_of_record
SF:lib\src\flash_sentinel.dart
DA:20,1
DA:27,3
DA:31,1
DA:32,1
DA:33,1
DA:34,7
DA:36,3
DA:41,1
DA:46,2
DA:47,1
DA:48,0
DA:50,1
DA:51,1
DA:52,1
DA:53,4
DA:54,1
DA:55,1
DA:57,3
DA:58,2
DA:59,2
DA:65,1
DA:66,2
DA:68,1
DA:69,1
DA:71,0
LF:25
LH:23
end_of_record
SF:lib\src\sidecar_supervisor.dart
DA:38,1
DA:58,1
DA:59,1
DA:60,3
DA:61,2
DA:62,1
DA:69,1
DA:74,1
DA:77,1
DA:78,1
DA:81,1
DA:83,2
DA:84,1
DA:88,1
DA:91,1
DA:92,1
DA:93,0
DA:95,1
DA:96,2
DA:97,1
DA:98,1
DA:99,1
DA:100,1
DA:101,1
DA:102,2
DA:103,1
DA:104,1
DA:117,0
DA:122,0
DA:123,0
DA:124,0
DA:127,0
DA:128,0
DA:129,0
DA:130,0
DA:140,0
DA:141,0
DA:149,0
DA:151,0
DA:153,0
DA:157,0
DA:167,1
DA:168,2
DA:169,1
DA:171,3
DA:172,2
DA:173,2
DA:178,1
DA:180,1
DA:181,2
DA:182,2
DA:183,2
DA:185,2
DA:186,1
DA:189,1
DA:190,2
DA:191,1
DA:194,2
DA:195,2
DA:196,1
DA:197,0
DA:199,2
DA:200,2
DA:201,1
DA:202,1
DA:203,3
DA:204,2
DA:207,1
DA:210,1
DA:211,5
DA:243,1
DA:245,1
DA:246,1
DA:247,1
DA:248,1
DA:249,1
DA:250,1
DA:251,1
DA:252,1
DA:254,1
DA:255,1
DA:256,1
DA:258,1
DA:271,2
DA:272,0
DA:281,1
DA:287,0
DA:289,0
LF:88
LH:69
end_of_record
SF:lib\src\sidecar_doctor_service.dart
DA:15,0
DA:19,0
DA:21,0
DA:22,0
DA:23,0
DA:24,0
DA:25,0
DA:26,0
DA:27,0
DA:28,0
DA:29,0
DA:30,0
DA:31,0
DA:33,0
DA:34,0
DA:39,0
LF:16
LH:0
end_of_record
SF:lib\src\egress_interceptor.dart
DA:21,1
DA:36,1
DA:41,2
DA:42,2
DA:43,2
DA:44,2
DA:45,4
DA:46,3
DA:49,2
DA:50,1
DA:52,3
DA:55,1
DA:58,1
DA:63,2
DA:64,1
DA:65,1
DA:66,3
DA:67,1
DA:68,3
DA:71,3
DA:72,2
DA:74,2
DA:76,2
DA:78,1
DA:80,1
DA:83,1
DA:88,2
DA:89,1
DA:90,1
DA:91,3
DA:92,3
DA:95,3
DA:96,2
DA:98,1
DA:100,2
DA:101,1
DA:102,1
DA:104,1
DA:107,1
DA:108,2
DA:110,1
DA:113,0
DA:114,0
DA:115,0
DA:123,0
DA:124,0
DA:125,0
LF:47
LH:41
end_of_record
