SF:lib\headless_services.dart
DA:25,1
DA:34,2
DA:35,3
DA:37,1
DA:48,3
DA:49,3
DA:51,1
DA:52,2
DA:53,1
DA:55,2
DA:56,1
DA:57,2
DA:58,4
DA:61,0
DA:65,2
DA:66,1
DA:68,2
DA:69,1
DA:70,2
DA:71,4
DA:73,0
DA:79,1
DA:80,2
DA:81,2
DA:82,5
DA:85,1
DA:86,2
DA:87,2
DA:88,3
DA:91,1
DA:97,2
DA:98,4
DA:99,2
DA:100,3
DA:101,1
DA:111,1
DA:112,2
DA:114,2
DA:115,3
DA:119,1
DA:121,3
DA:123,1
DA:125,3
DA:126,1
DA:129,0
DA:131,0
DA:132,0
DA:135,1
DA:141,1
DA:142,2
DA:143,1
DA:144,2
DA:145,1
DA:147,1
DA:151,1
DA:156,2
DA:157,1
DA:160,1
DA:162,2
DA:164,1
DA:165,2
DA:167,1
DA:169,2
DA:170,2
DA:173,1
DA:174,2
DA:175,2
DA:181,1
DA:193,0
DA:198,0
DA:205,0
DA:211,0
DA:212,0
DA:214,0
DA:216,0
DA:218,0
DA:219,0
DA:233,1
DA:235,0
DA:240,0
DA:243,0
DA:246,0
DA:255,1
DA:257,0
DA:258,0
LF:85
LH:65
end_of_record
SF:lib\scenario.dart
DA:10,1
DA:25,1
DA:26,1
DA:27,1
DA:30,1
DA:31,1
DA:32,1
DA:33,1
DA:36,1
DA:37,1
DA:40,1
DA:41,1
DA:45,1
DA:47,2
DA:49,2
DA:50,3
DA:54,1
DA:56,2
DA:58,2
DA:59,4
DA:63,1
DA:65,2
DA:67,2
DA:68,1
DA:69,2
DA:70,2
DA:71,1
DA:77,1
DA:78,1
DA:79,1
DA:80,2
DA:81,3
DA:85,2
DA:86,1
DA:88,2
DA:89,2
DA:90,2
DA:91,2
DA:92,1
DA:98,1
DA:104,1
DA:111,0
DA:132,1
DA:139,1
DA:140,1
DA:141,1
DA:142,6
DA:145,1
DA:146,0
LF:49
LH:47
end_of_record
SF:lib\scenario_runner.dart
DA:25,1
DA:32,1
DA:51,1
DA:52,3
DA:53,1
DA:54,1
DA:56,1
DA:57,2
DA:58,3
DA:59,1
DA:60,0
DA:68,0
DA:83,1
DA:84,1
DA:87,1
DA:88,1
DA:89,1
DA:93,1
DA:94,0
DA:96,2
DA:97,1
DA:104,0
DA:105,0
DA:106,0
DA:111,0
DA:112,0
DA:114,0
DA:119,0
DA:120,0
DA:121,0
DA:122,0
DA:123,0
DA:125,0
DA:126,0
DA:127,0
DA:129,0
DA:130,0
DA:132,0
DA:140,0
DA:141,0
DA:145,0
DA:147,0
DA:148,0
DA:149,0
DA:150,0
DA:154,0
DA:158,0
DA:170,0
DA:171,0
DA:174,0
DA:177,0
DA:178,0
DA:183,0
DA:184,0
DA:185,0
DA:188,0
DA:190,0
DA:193,0
DA:194,0
DA:195,0
DA:197,0
DA:199,0
DA:200,0
DA:202,0
DA:203,0
DA:204,0
DA:207,0
DA:208,0
DA:213,0
DA:215,0
DA:216,0
DA:217,0
DA:219,0
DA:220,0
DA:224,0
DA:225,0
DA:226,0
DA:228,0
DA:229,0
DA:231,0
DA:232,0
DA:233,0
DA:241,0
DA:242,0
DA:243,0
DA:244,0
DA:245,0
DA:248,0
DA:249,0
DA:251,0
DA:252,0
DA:253,0
DA:254,0
DA:255,0
DA:256,0
DA:257,0
DA:258,0
DA:259,0
DA:260,0
DA:261,0
DA:262,0
DA:264,0
DA:265,0
DA:266,0
DA:273,0
DA:274,0
DA:275,0
DA:285,0
DA:287,0
DA:295,0
DA:298,0
DA:299,0
DA:301,0
DA:302,0
DA:304,0
DA:306,0
DA:309,0
DA:312,0
DA:315,0
DA:321,0
DA:322,0
DA:323,0
DA:324,0
DA:325,0
DA:326,0
DA:327,0
DA:328,0
DA:329,0
DA:333,0
DA:338,0
DA:339,0
DA:341,0
DA:343,0
DA:346,0
DA:347,0
DA:348,0
DA:349,0
DA:351,0
DA:354,0
DA:355,0
DA:357,0
DA:365,0
DA:367,0
DA:368,0
DA:370,0
DA:376,0
DA:379,0
DA:381,0
DA:382,0
DA:383,0
DA:385,0
DA:386,0
DA:387,0
DA:388,0
DA:389,0
DA:390,0
DA:392,0
DA:397,0
DA:402,0
DA:403,0
DA:404,0
DA:405,0
DA:408,0
DA:414,0
DA:418,1
DA:420,0
DA:422,1
DA:426,0
DA:429,1
DA:430,1
DA:433,1
DA:435,1
DA:437,2
DA:438,2
DA:439,2
DA:440,3
DA:441,1
DA:442,1
DA:443,4
DA:445,1
DA:447,4
DA:448,1
DA:453,0
DA:455,0
DA:457,0
DA:464,0
DA:465,0
DA:466,0
DA:472,1
DA:473,1
DA:474,1
DA:475,1
DA:476,2
DA:477,2
DA:478,2
DA:479,2
DA:483,1
DA:484,1
DA:487,1
DA:491,0
DA:493,0
DA:494,0
DA:496,0
DA:497,0
DA:505,1
DA:517,1
DA:527,6
DA:528,0
DA:536,1
DA:537,2
LF:210
LH:50
end_of_record
